<testsuites>
  <testsuite name="internal/web/admin/audit_logs.go" tests="2" errors="0" failures="2">
    <testcase name="goconst" classname="internal/web/admin/audit_logs.go:29:22">
      <failure message="internal/web/admin/audit_logs.go:29:22: string `true` has 4 occurrences, make it a constant" type=""><![CDATA[: string `true` has 4 occurrences, make it a constant
Category: goconst
File: internal/web/admin/audit_logs.go
Line: 29
Details: 		s := successStr == "true"]]></failure>
    </testcase>
    <testcase name="gofumpt" classname="internal/web/admin/audit_logs.go:5:1">
      <failure message="internal/web/admin/audit_logs.go:5:1: File is not properly formatted" type=""><![CDATA[: File is not properly formatted
Category: gofumpt
File: internal/web/admin/audit_logs.go
Line: 5
Details: 	"gct/internal/domain"]]></failure>
    </testcase>
  </testsuite>
  <testsuite name="internal/web/admin/endpoint_history.go" tests="2" errors="0" failures="2">
    <testcase name="gofumpt" classname="internal/web/admin/endpoint_history.go:4:1">
      <failure message="internal/web/admin/endpoint_history.go:4:1: File is not properly formatted" type=""><![CDATA[: File is not properly formatted
Category: gofumpt
File: internal/web/admin/endpoint_history.go
Line: 4
Details: 	"strconv"]]></failure>
    </testcase>
    <testcase name="gofumpt" classname="internal/web/admin/endpoint_history.go:7:1">
      <failure message="internal/web/admin/endpoint_history.go:7:1: File is not properly formatted" type=""><![CDATA[: File is not properly formatted
Category: gofumpt
File: internal/web/admin/endpoint_history.go
Line: 7
Details: 	"gct/internal/domain"]]></failure>
    </testcase>
  </testsuite>
  <testsuite name="internal/web/admin/functions.go" tests="1" errors="0" failures="1">
    <testcase name="gofumpt" classname="internal/web/admin/functions.go:5:1">
      <failure message="internal/web/admin/functions.go:5:1: File is not properly formatted" type=""><![CDATA[: File is not properly formatted
Category: gofumpt
File: internal/web/admin/functions.go
Line: 5
Details: 	"gct/internal/domain"]]></failure>
    </testcase>
  </testsuite>
  <testsuite name="internal/web/admin/handler.go" tests="15" errors="0" failures="15">
    <testcase name="cyclop" classname="internal/web/admin/handler.go:527:1">
      <failure message="internal/web/admin/handler.go:527:1: calculated cyclomatic complexity for function servePage is 13, max is 10" type=""><![CDATA[: calculated cyclomatic complexity for function servePage is 13, max is 10
Category: cyclop
File: internal/web/admin/handler.go
Line: 527
Details: func (h *Handler) servePage(ctx *gin.Context, tmplFile, title, activePage string, pageContent any) {]]></failure>
    </testcase>
    <testcase name="errcheck" classname="internal/web/admin/handler.go:1041:27">
      <failure message="internal/web/admin/handler.go:1041:27: Error return value of `h.uc.User.Client.Delete` is not checked" type=""><![CDATA[: Error return value of `h.uc.User.Client.Delete` is not checked
Category: errcheck
File: internal/web/admin/handler.go
Line: 1041
Details: 			h.uc.User.Client.Delete(ctxCtx, &domain.UserFilter{ID: &uid})]]></failure>
    </testcase>
    <testcase name="errcheck" classname="internal/web/admin/handler.go:1043:30">
      <failure message="internal/web/admin/handler.go:1043:30: Error return value of `h.uc.User.Client.SetStatus` is not checked" type=""><![CDATA[: Error return value of `h.uc.User.Client.SetStatus` is not checked
Category: errcheck
File: internal/web/admin/handler.go
Line: 1043
Details: 			h.uc.User.Client.SetStatus(ctxCtx, uid, true)]]></failure>
    </testcase>
    <testcase name="errcheck" classname="internal/web/admin/handler.go:1045:30">
      <failure message="internal/web/admin/handler.go:1045:30: Error return value of `h.uc.User.Client.SetStatus` is not checked" type=""><![CDATA[: Error return value of `h.uc.User.Client.SetStatus` is not checked
Category: errcheck
File: internal/web/admin/handler.go
Line: 1045
Details: 			h.uc.User.Client.SetStatus(ctxCtx, uid, false)]]></failure>
    </testcase>
    <testcase name="forcetypeassert" classname="internal/web/admin/handler.go:842:2">
      <failure message="internal/web/admin/handler.go:842:2: type assertion must be checked" type=""><![CDATA[: type assertion must be checked
Category: forcetypeassert
File: internal/web/admin/handler.go
Line: 842
Details: 	sessObj := sessionVal.(*domain.Session)]]></failure>
    </testcase>
    <testcase name="funlen" classname="internal/web/admin/handler.go:46:19">
      <failure message="internal/web/admin/handler.go:46:19: Function &#39;Register&#39; has too many statements (41 &gt; 40)" type=""><![CDATA[: Function 'Register' has too many statements (41 > 40)
Category: funlen
File: internal/web/admin/handler.go
Line: 46
Details: func (h *Handler) Register(r *gin.RouterGroup, authmw *middleware.AuthMiddleware) {]]></failure>
    </testcase>
    <testcase name="gci" classname="internal/web/admin/handler.go:22:1">
      <failure message="internal/web/admin/handler.go:22:1: File is not properly formatted" type=""><![CDATA[: File is not properly formatted
Category: gci
File: internal/web/admin/handler.go
Line: 22
Details: ]]></failure>
    </testcase>
    <testcase name="gocognit" classname="internal/web/admin/handler.go:196:1">
      <failure message="internal/web/admin/handler.go:196:1: cognitive complexity 35 of func `(*Handler).render` is high (&gt; 30)" type=""><![CDATA[: cognitive complexity 35 of func `(*Handler).render` is high (> 30)
Category: gocognit
File: internal/web/admin/handler.go
Line: 196
Details: func (h *Handler) render(ctx *gin.Context, tmplName string, data PageData) {]]></failure>
    </testcase>
    <testcase name="gocritic" classname="internal/web/admin/handler.go:884:2">
      <failure message="internal/web/admin/handler.go:884:2: ifElseChain: rewrite if-else to switch statement" type=""><![CDATA[: ifElseChain: rewrite if-else to switch statement
Category: gocritic
File: internal/web/admin/handler.go
Line: 884
Details: 	if action == "block" {]]></failure>
    </testcase>
    <testcase name="gofumpt" classname="internal/web/admin/handler.go:5:1">
      <failure message="internal/web/admin/handler.go:5:1: File is not properly formatted" type=""><![CDATA[: File is not properly formatted
Category: gofumpt
File: internal/web/admin/handler.go
Line: 5
Details: 	"errors"]]></failure>
    </testcase>
    <testcase name="gofumpt" classname="internal/web/admin/handler.go:15:1">
      <failure message="internal/web/admin/handler.go:15:1: File is not properly formatted" type=""><![CDATA[: File is not properly formatted
Category: gofumpt
File: internal/web/admin/handler.go
Line: 15
Details: 	"gct/config"]]></failure>
    </testcase>
    <testcase name="ineffassign" classname="internal/web/admin/handler.go:569:2">
      <failure message="internal/web/admin/handler.go:569:2: ineffectual assignment to can" type=""><![CDATA[: ineffectual assignment to can
Category: ineffassign
File: internal/web/admin/handler.go
Line: 569
Details: 	can := make(map[string]bool)]]></failure>
    </testcase>
    <testcase name="lll" classname="internal/web/admin/handler.go:628:1">
      <failure message="internal/web/admin/handler.go:628:1: The line is 125 characters long, which exceeds the maximum of 120 characters." type=""><![CDATA[: The line is 125 characters long, which exceeds the maximum of 120 characters.
Category: lll
File: internal/web/admin/handler.go
Line: 628
Details: 	if err := tmpl.Execute(ctx.Writer, map[string]any{"Error": ctx.Query("error"), "CSRF": ctx.GetString("csrf")}); err != nil {]]></failure>
    </testcase>
    <testcase name="lll" classname="internal/web/admin/handler.go:686:1">
      <failure message="internal/web/admin/handler.go:686:1: The line is 125 characters long, which exceeds the maximum of 120 characters." type=""><![CDATA[: The line is 125 characters long, which exceeds the maximum of 120 characters.
Category: lll
File: internal/web/admin/handler.go
Line: 686
Details: 	if err := tmpl.Execute(ctx.Writer, map[string]any{"Error": ctx.Query("error"), "CSRF": ctx.GetString("csrf")}); err != nil {]]></failure>
    </testcase>
    <testcase name="revive" classname="internal/web/admin/handler.go:1008:29">
      <failure message="internal/web/admin/handler.go:1008:29: empty-block: this block is empty, you can remove it" type="warning"><![CDATA[warning: empty-block: this block is empty, you can remove it
Category: revive
File: internal/web/admin/handler.go
Line: 1008
Details: 	if h.uc.User.Client != nil {
		// Logic for username if needed
	}]]></failure>
    </testcase>
  </testsuite>
  <testsuite name="internal/web/admin/system_errors.go" tests="1" errors="0" failures="1">
    <testcase name="gofumpt" classname="internal/web/admin/system_errors.go:5:1">
      <failure message="internal/web/admin/system_errors.go:5:1: File is not properly formatted" type=""><![CDATA[: File is not properly formatted
Category: gofumpt
File: internal/web/admin/system_errors.go
Line: 5
Details: 	"gct/internal/domain"]]></failure>
    </testcase>
  </testsuite>
  <testsuite name="internal/web/system/handler.go" tests="4" errors="0" failures="4">
    <testcase name="gofumpt" classname="internal/web/system/handler.go:3:1">
      <failure message="internal/web/system/handler.go:3:1: File is not properly formatted" type=""><![CDATA[: File is not properly formatted
Category: gofumpt
File: internal/web/system/handler.go
Line: 3
Details: import (]]></failure>
    </testcase>
    <testcase name="gofumpt" classname="internal/web/system/handler.go:9:1">
      <failure message="internal/web/system/handler.go:9:1: File is not properly formatted" type=""><![CDATA[: File is not properly formatted
Category: gofumpt
File: internal/web/system/handler.go
Line: 9
Details: 	"gct/internal/controller/restapi/response"]]></failure>
    </testcase>
    <testcase name="goimports" classname="internal/web/system/handler.go:10:1">
      <failure message="internal/web/system/handler.go:10:1: File is not properly formatted" type=""><![CDATA[: File is not properly formatted
Category: goimports
File: internal/web/system/handler.go
Line: 10
Details: 	apperrors "gct/pkg/errors"]]></failure>
    </testcase>
    <testcase name="lll" classname="internal/web/system/handler.go:16:1">
      <failure message="internal/web/system/handler.go:16:1: The line is 137 characters long, which exceeds the maximum of 120 characters." type=""><![CDATA[: The line is 137 characters long, which exceeds the maximum of 120 characters.
Category: lll
File: internal/web/system/handler.go
Line: 16
Details: // @Description Returns a list of system errors. If Accept header includes text/html, returns a styled HTML page. Otherwise returns JSON.]]></failure>
    </testcase>
  </testsuite>
  <testsuite name="internal/web/system/html_template.go" tests="2" errors="0" failures="2">
    <testcase name="lll" classname="internal/web/system/html_template.go:392:1">
      <failure message="internal/web/system/html_template.go:392:1: The line is 131 characters long, which exceeds the maximum of 120 characters." type=""><![CDATA[: The line is 131 characters long, which exceeds the maximum of 120 characters.
Category: lll
File: internal/web/system/html_template.go
Line: 392
Details:                 <input type="text" id="searchInput" class="search-input" placeholder="Search by code, message, or ID..." autofocus>]]></failure>
    </testcase>
    <testcase name="lll" classname="internal/web/system/html_template.go:425:1">
      <failure message="internal/web/system/html_template.go:425:1: The line is 122 characters long, which exceeds the maximum of 120 characters." type=""><![CDATA[: The line is 122 characters long, which exceeds the maximum of 120 characters.
Category: lll
File: internal/web/system/html_template.go
Line: 425
Details:                                     <span class="http-badge {{if ge .HTTPStatus 500}}status-5xx{{else}}status-4xx{{end}}">]]></failure>
    </testcase>
  </testsuite>
</testsuites>