<testsuites>
  <testsuite name="internal/cron/cron.go" tests="1" errors="0" failures="1">
    <testcase name="revive" classname="internal/cron/cron.go:15:6">
      <failure message="internal/cron/cron.go:15:6: exported: type name will be used as cron.CronJobs by other packages, and that stutters; consider calling this Jobs" type="warning"><![CDATA[warning: exported: type name will be used as cron.CronJobs by other packages, and that stutters; consider calling this Jobs
Category: revive
File: internal/cron/cron.go
Line: 15
Details: type CronJobs struct {]]></failure>
    </testcase>
  </testsuite>
  <testsuite name="internal/cron/cron_test.go" tests="1" errors="0" failures="1">
    <testcase name="testpackage" classname="internal/cron/cron_test.go:1:9">
      <failure message="internal/cron/cron_test.go:1:9: package should be `cron_test` instead of `cron`" type=""><![CDATA[: package should be `cron_test` instead of `cron`
Category: testpackage
File: internal/cron/cron_test.go
Line: 1
Details: package cron]]></failure>
    </testcase>
  </testsuite>
  <testsuite name="internal/cron/session/session_test.go" tests="2" errors="0" failures="2">
    <testcase name="err113" classname="internal/cron/session/session_test.go:72:19">
      <failure message="internal/cron/session/session_test.go:72:19: do not define dynamic errors, use wrapped static errors instead: &#34;errors.New(\&#34;db error\&#34;)&#34;" type=""><![CDATA[: do not define dynamic errors, use wrapped static errors instead: "errors.New(\"db error\")"
Category: err113
File: internal/cron/session/session_test.go
Line: 72
Details: 		WillReturnError(errors.New("db error"))]]></failure>
    </testcase>
    <testcase name="err113" classname="internal/cron/session/session_test.go:151:52">
      <failure message="internal/cron/session/session_test.go:151:52: do not define dynamic errors, use wrapped static errors instead: &#34;errors.New(\&#34;redis scan error\&#34;)&#34;" type=""><![CDATA[: do not define dynamic errors, use wrapped static errors instead: "errors.New(\"redis scan error\")"
Category: err113
File: internal/cron/session/session_test.go
Line: 151
Details: 	redisMock.ExpectScan(0, sessionPattern, 0).SetErr(errors.New("redis scan error"))]]></failure>
    </testcase>
  </testsuite>
</testsuites>