<testsuites>
  <testsuite name="cmd/app/main.go" tests="2" errors="0" failures="2">
    <testcase name="gofumpt" classname="cmd/app/main.go:10:1">
      <failure message="cmd/app/main.go:10:1: File is not properly formatted" type=""><![CDATA[: File is not properly formatted
Category: gofumpt
File: cmd/app/main.go
Line: 10
Details: 	"log"]]></failure>
    </testcase>
    <testcase name="gofumpt" classname="cmd/app/main.go:13:1">
      <failure message="cmd/app/main.go:13:1: File is not properly formatted" type=""><![CDATA[: File is not properly formatted
Category: gofumpt
File: cmd/app/main.go
Line: 13
Details: 	"gct/internal/app"]]></failure>
    </testcase>
  </testsuite>
  <testsuite name="cmd/migration/main.go" tests="3" errors="0" failures="3">
    <testcase name="gci" classname="cmd/migration/main.go:7:1">
      <failure message="cmd/migration/main.go:7:1: File is not properly formatted" type=""><![CDATA[: File is not properly formatted
Category: gci
File: cmd/migration/main.go
Line: 7
Details: 	"go.uber.org/zap"]]></failure>
    </testcase>
    <testcase name="gocritic" classname="cmd/migration/main.go:36:2">
      <failure message="cmd/migration/main.go:36:2: exitAfterDefer: os.Exit will exit, and `defer migrator.Close()` will not run" type=""><![CDATA[: exitAfterDefer: os.Exit will exit, and `defer migrator.Close()` will not run
Category: gocritic
File: cmd/migration/main.go
Line: 36
Details: 	os.Exit(0)]]></failure>
    </testcase>
    <testcase name="gofumpt" classname="cmd/migration/main.go:4:1">
      <failure message="cmd/migration/main.go:4:1: File is not properly formatted" type=""><![CDATA[: File is not properly formatted
Category: gofumpt
File: cmd/migration/main.go
Line: 4
Details: 	"log"]]></failure>
    </testcase>
  </testsuite>
  <testsuite name="config/app_settings.go" tests="2" errors="0" failures="2">
    <testcase name="revive" classname="config/app_settings.go:48:3">
      <failure message="config/app_settings.go:48:3: var-naming: struct field HttpOnly should be HTTPOnly" type="warning"><![CDATA[warning: var-naming: struct field HttpOnly should be HTTPOnly
Category: revive
File: config/app_settings.go
Line: 48
Details: 		HttpOnly bool   `env:"COOKIE_HTTP_ONLY" envDefault:"true"`]]></failure>
    </testcase>
    <testcase name="revive" classname="config/app_settings.go:99:18">
      <failure message="config/app_settings.go:99:18: var-naming: method IsHttpOnly should be IsHTTPOnly" type="warning"><![CDATA[warning: var-naming: method IsHttpOnly should be IsHTTPOnly
Category: revive
File: config/app_settings.go
Line: 99
Details: func (c *Cookie) IsHttpOnly() bool {]]></failure>
    </testcase>
  </testsuite>
  <testsuite name="config/connectivity.go" tests="1" errors="0" failures="1">
    <testcase name="revive" classname="config/connectivity.go:36:3">
      <failure message="config/connectivity.go:36:3: var-naming: struct field GroupId should be GroupID" type="warning"><![CDATA[warning: var-naming: struct field GroupId should be GroupID
Category: revive
File: config/connectivity.go
Line: 36
Details: 		GroupId string   `env:"GROUP_ID,required"`]]></failure>
    </testcase>
  </testsuite>
  <testsuite name="config/database.go" tests="3" errors="0" failures="3">
    <testcase name="nosprintfhostport" classname="config/database.go:57:9">
      <failure message="config/database.go:57:9: host:port in url should be constructed with net.JoinHostPort and not directly with fmt.Sprintf" type=""><![CDATA[: host:port in url should be constructed with net.JoinHostPort and not directly with fmt.Sprintf
Category: nosprintfhostport
File: config/database.go
Line: 57
Details: 	return fmt.Sprintf("postgres://%s:%s@%s:%d/%s?sslmode=%s",]]></failure>
    </testcase>
    <testcase name="revive" classname="config/database.go:26:2">
      <failure message="config/database.go:26:2: var-naming: struct field SqlLite should be SQLLite" type="warning"><![CDATA[warning: var-naming: struct field SqlLite should be SQLLite
Category: revive
File: config/database.go
Line: 26
Details: 	SqlLite       SqlLite       `envPrefix:"SQLITE_"`]]></failure>
    </testcase>
    <testcase name="revive" classname="config/database.go:50:2">
      <failure message="config/database.go:50:2: var-naming: type SqlLite should be SQLLite" type="warning"><![CDATA[warning: var-naming: type SqlLite should be SQLLite
Category: revive
File: config/database.go
Line: 50
Details: 	SqlLite struct {]]></failure>
    </testcase>
  </testsuite>
  <testsuite name="config/utils.go" tests="1" errors="0" failures="1">
    <testcase name="exhaustive" classname="config/utils.go:10:3">
      <failure message="config/utils.go:10:3: missing cases in switch of type reflect.Kind: reflect.Invalid, reflect.Bool, reflect.Int, reflect.Int8, reflect.Int16, reflect.Int32, reflect.Int64, reflect.Uint, reflect.Uint8, reflect.Uint16, reflect.Uint32, reflect.Uint64, reflect.Uintptr, reflect.Float32, reflect.Float64, reflect.Complex64, reflect.Complex128, reflect.Array, reflect.Chan, reflect.Func, reflect.Interface, reflect.Map, reflect.Slice, reflect.UnsafePointer" type=""><![CDATA[: missing cases in switch of type reflect.Kind: reflect.Invalid, reflect.Bool, reflect.Int, reflect.Int8, reflect.Int16, reflect.Int32, reflect.Int64, reflect.Uint, reflect.Uint8, reflect.Uint16, reflect.Uint32, reflect.Uint64, reflect.Uintptr, reflect.Float32, reflect.Float64, reflect.Complex64, reflect.Complex128, reflect.Array, reflect.Chan, reflect.Func, reflect.Interface, reflect.Map, reflect.Slice, reflect.UnsafePointer
Category: exhaustive
File: config/utils.go
Line: 10
Details: 		switch field.Kind() {]]></failure>
    </testcase>
  </testsuite>
  <testsuite name="consts/const.go" tests="9" errors="0" failures="9">
    <testcase name="revive" classname="consts/const.go:5:2">
      <failure message="consts/const.go:5:2: var-naming: don&#39;t use ALL_CAPS in Go names; use CamelCase" type="warning"><![CDATA[warning: var-naming: don't use ALL_CAPS in Go names; use CamelCase
Category: revive
File: consts/const.go
Line: 5
Details: 	BASE_URL_V1 string = "/api/v1"]]></failure>
    </testcase>
    <testcase name="revive" classname="consts/const.go:8:2">
      <failure message="consts/const.go:8:2: var-naming: don&#39;t use ALL_CAPS in Go names; use CamelCase" type="warning"><![CDATA[warning: var-naming: don't use ALL_CAPS in Go names; use CamelCase
Category: revive
File: consts/const.go
Line: 8
Details: 	COOKIE_ACCESS_TOKEN  string = "c_at"]]></failure>
    </testcase>
    <testcase name="revive" classname="consts/const.go:9:2">
      <failure message="consts/const.go:9:2: var-naming: don&#39;t use ALL_CAPS in Go names; use CamelCase" type="warning"><![CDATA[warning: var-naming: don't use ALL_CAPS in Go names; use CamelCase
Category: revive
File: consts/const.go
Line: 9
Details: 	COOKIE_REFRESH_TOKEN string = "c_rt"]]></failure>
    </testcase>
    <testcase name="revive" classname="consts/const.go:10:2">
      <failure message="consts/const.go:10:2: var-naming: don&#39;t use ALL_CAPS in Go names; use CamelCase" type="warning"><![CDATA[warning: var-naming: don't use ALL_CAPS in Go names; use CamelCase
Category: revive
File: consts/const.go
Line: 10
Details: 	COOKIE_USER_ID       string = "c_uid"]]></failure>
    </testcase>
    <testcase name="revive" classname="consts/const.go:11:2">
      <failure message="consts/const.go:11:2: var-naming: don&#39;t use ALL_CAPS in Go names; use CamelCase" type="warning"><![CDATA[warning: var-naming: don't use ALL_CAPS in Go names; use CamelCase
Category: revive
File: consts/const.go
Line: 11
Details: 	COOKIE_PLATFORM_TYPE string = "c_pt"]]></failure>
    </testcase>
    <testcase name="revive" classname="consts/const.go:12:2">
      <failure message="consts/const.go:12:2: var-naming: don&#39;t use ALL_CAPS in Go names; use CamelCase" type="warning"><![CDATA[warning: var-naming: don't use ALL_CAPS in Go names; use CamelCase
Category: revive
File: consts/const.go
Line: 12
Details: 	COOKIE_USER_FULLNAME string = "c_ufn"]]></failure>
    </testcase>
    <testcase name="revive" classname="consts/const.go:13:2">
      <failure message="consts/const.go:13:2: var-naming: don&#39;t use ALL_CAPS in Go names; use CamelCase" type="warning"><![CDATA[warning: var-naming: don't use ALL_CAPS in Go names; use CamelCase
Category: revive
File: consts/const.go
Line: 13
Details: 	COOKIE_USER_PHONE    string = "c_uph"]]></failure>
    </testcase>
    <testcase name="revive" classname="consts/const.go:14:2">
      <failure message="consts/const.go:14:2: var-naming: don&#39;t use ALL_CAPS in Go names; use CamelCase" type="warning"><![CDATA[warning: var-naming: don't use ALL_CAPS in Go names; use CamelCase
Category: revive
File: consts/const.go
Line: 14
Details: 	COOKIE_USER_ROLE_ID  string = "c_uro"]]></failure>
    </testcase>
    <testcase name="revive" classname="consts/const.go:18:2">
      <failure message="consts/const.go:18:2: var-naming: const CookieHttpOnly should be CookieHTTPOnly" type="warning"><![CDATA[warning: var-naming: const CookieHttpOnly should be CookieHTTPOnly
Category: revive
File: consts/const.go
Line: 18
Details: 	CookieHttpOnly    bool   = true]]></failure>
    </testcase>
  </testsuite>
  <testsuite name="consts/ctx.go" tests="1" errors="0" failures="1">
    <testcase name="revive" classname="consts/ctx.go:14:2">
      <failure message="consts/ctx.go:14:2: var-naming: const CtxTuronId should be CtxTuronID" type="warning"><![CDATA[warning: var-naming: const CtxTuronId should be CtxTuronID
Category: revive
File: consts/ctx.go
Line: 14
Details: 	CtxTuronId          string = "turon_id"]]></failure>
    </testcase>
  </testsuite>
  <testsuite name="internal/app/app.go" tests="3" errors="0" failures="3">
    <testcase name="gci" classname="internal/app/app.go:12:1">
      <failure message="internal/app/app.go:12:1: File is not properly formatted" type=""><![CDATA[: File is not properly formatted
Category: gci
File: internal/app/app.go
Line: 12
Details: 	"github.com/gin-gonic/gin"]]></failure>
    </testcase>
    <testcase name="gofumpt" classname="internal/app/app.go:7:1">
      <failure message="internal/app/app.go:7:1: File is not properly formatted" type=""><![CDATA[: File is not properly formatted
Category: gofumpt
File: internal/app/app.go
Line: 7
Details: 	"os"]]></failure>
    </testcase>
    <testcase name="gofumpt" classname="internal/app/app.go:22:1">
      <failure message="internal/app/app.go:22:1: File is not properly formatted" type=""><![CDATA[: File is not properly formatted
Category: gofumpt
File: internal/app/app.go
Line: 22
Details: 	"gct/pkg/logger"]]></failure>
    </testcase>
  </testsuite>
  <testsuite name="internal/controller/amqp_rpc/v1/controller.go" tests="1" errors="0" failures="1">
    <testcase name="gci" classname="internal/controller/amqp_rpc/v1/controller.go:4:1">
      <failure message="internal/controller/amqp_rpc/v1/controller.go:4:1: File is not properly formatted" type=""><![CDATA[: File is not properly formatted
Category: gci
File: internal/controller/amqp_rpc/v1/controller.go
Line: 4
Details: 	"github.com/go-playground/validator/v10"]]></failure>
    </testcase>
  </testsuite>
  <testsuite name="internal/controller/amqp_rpc/v1/router.go" tests="3" errors="0" failures="3">
    <testcase name="gci" classname="internal/controller/amqp_rpc/v1/router.go:4:1">
      <failure message="internal/controller/amqp_rpc/v1/router.go:4:1: File is not properly formatted" type=""><![CDATA[: File is not properly formatted
Category: gci
File: internal/controller/amqp_rpc/v1/router.go
Line: 4
Details: 	"github.com/go-playground/validator/v10"]]></failure>
    </testcase>
    <testcase name="revive" classname="internal/controller/amqp_rpc/v1/router.go:12:20">
      <failure message="internal/controller/amqp_rpc/v1/router.go:12:20: unused-parameter: parameter &#39;routes&#39; seems to be unused, consider removing or renaming it as _" type="warning"><![CDATA[warning: unused-parameter: parameter 'routes' seems to be unused, consider removing or renaming it as _
Category: revive
File: internal/controller/amqp_rpc/v1/router.go
Line: 12
Details: func NewUserRoutes(routes map[string]server.CallHandler, u *usecase.UseCase, l logger.Log) {]]></failure>
    </testcase>
    <testcase name="revive" classname="internal/controller/amqp_rpc/v1/router.go:15:2">
      <failure message="internal/controller/amqp_rpc/v1/router.go:15:2: empty-block: this block is empty, you can remove it" type="warning"><![CDATA[warning: empty-block: this block is empty, you can remove it
Category: revive
File: internal/controller/amqp_rpc/v1/router.go
Line: 15
Details: 	{
		// routes["v1.getUser"] = r.getUser()
	}]]></failure>
    </testcase>
  </testsuite>
  <testsuite name="internal/controller/grpc/router.go" tests="3" errors="0" failures="3">
    <testcase name="gci" classname="internal/controller/grpc/router.go:4:1">
      <failure message="internal/controller/grpc/router.go:4:1: File is not properly formatted" type=""><![CDATA[: File is not properly formatted
Category: gci
File: internal/controller/grpc/router.go
Line: 4
Details: 	pbgrpc "google.golang.org/grpc"]]></failure>
    </testcase>
    <testcase name="gofumpt" classname="internal/controller/grpc/router.go:3:1">
      <failure message="internal/controller/grpc/router.go:3:1: File is not properly formatted" type=""><![CDATA[: File is not properly formatted
Category: gofumpt
File: internal/controller/grpc/router.go
Line: 3
Details: import (]]></failure>
    </testcase>
    <testcase name="gofumpt" classname="internal/controller/grpc/router.go:8:1">
      <failure message="internal/controller/grpc/router.go:8:1: File is not properly formatted" type=""><![CDATA[: File is not properly formatted
Category: gofumpt
File: internal/controller/grpc/router.go
Line: 8
Details: 	"gct/internal/usecase"]]></failure>
    </testcase>
  </testsuite>
  <testsuite name="internal/controller/grpc/v1/controller.go" tests="1" errors="0" failures="1">
    <testcase name="gci" classname="internal/controller/grpc/v1/controller.go:4:1">
      <failure message="internal/controller/grpc/v1/controller.go:4:1: File is not properly formatted" type=""><![CDATA[: File is not properly formatted
Category: gci
File: internal/controller/grpc/v1/controller.go
Line: 4
Details: 	"github.com/go-playground/validator/v10"]]></failure>
    </testcase>
  </testsuite>
  <testsuite name="internal/controller/grpc/v1/router.go" tests="3" errors="0" failures="3">
    <testcase name="gci" classname="internal/controller/grpc/v1/router.go:4:1">
      <failure message="internal/controller/grpc/v1/router.go:4:1: File is not properly formatted" type=""><![CDATA[: File is not properly formatted
Category: gci
File: internal/controller/grpc/v1/router.go
Line: 4
Details: 	"github.com/go-playground/validator/v10"]]></failure>
    </testcase>
    <testcase name="revive" classname="internal/controller/grpc/v1/router.go:12:20">
      <failure message="internal/controller/grpc/v1/router.go:12:20: unused-parameter: parameter &#39;app&#39; seems to be unused, consider removing or renaming it as _" type="warning"><![CDATA[warning: unused-parameter: parameter 'app' seems to be unused, consider removing or renaming it as _
Category: revive
File: internal/controller/grpc/v1/router.go
Line: 12
Details: func NewUserRoutes(app *pbgrpc.Server, u *usecase.UseCase, l logger.Log) {]]></failure>
    </testcase>
    <testcase name="revive" classname="internal/controller/grpc/v1/router.go:15:2">
      <failure message="internal/controller/grpc/v1/router.go:15:2: empty-block: this block is empty, you can remove it" type="warning"><![CDATA[warning: empty-block: this block is empty, you can remove it
Category: revive
File: internal/controller/grpc/v1/router.go
Line: 15
Details: 	{
		// v1.RegisterUserServer(app, r)
	}]]></failure>
    </testcase>
  </testsuite>
  <testsuite name="internal/controller/kafka_rpc/router.go" tests="1" errors="0" failures="1">
    <testcase name="revive" classname="internal/controller/kafka_rpc/router.go:1:9">
      <failure message="internal/controller/kafka_rpc/router.go:1:9: var-naming: don&#39;t use an underscore in package name" type="warning"><![CDATA[warning: var-naming: don't use an underscore in package name
Category: revive
File: internal/controller/kafka_rpc/router.go
Line: 1
Details: package kafka_rpc]]></failure>
    </testcase>
  </testsuite>
  <testsuite name="internal/controller/kafka_rpc/v1/controller.go" tests="1" errors="0" failures="1">
    <testcase name="gci" classname="internal/controller/kafka_rpc/v1/controller.go:4:1">
      <failure message="internal/controller/kafka_rpc/v1/controller.go:4:1: File is not properly formatted" type=""><![CDATA[: File is not properly formatted
Category: gci
File: internal/controller/kafka_rpc/v1/controller.go
Line: 4
Details: 	"github.com/go-playground/validator/v10"]]></failure>
    </testcase>
  </testsuite>
  <testsuite name="internal/controller/kafka_rpc/v1/router.go" tests="3" errors="0" failures="3">
    <testcase name="gci" classname="internal/controller/kafka_rpc/v1/router.go:4:1">
      <failure message="internal/controller/kafka_rpc/v1/router.go:4:1: File is not properly formatted" type=""><![CDATA[: File is not properly formatted
Category: gci
File: internal/controller/kafka_rpc/v1/router.go
Line: 4
Details: 	"github.com/go-playground/validator/v10"]]></failure>
    </testcase>
    <testcase name="revive" classname="internal/controller/kafka_rpc/v1/router.go:12:20">
      <failure message="internal/controller/kafka_rpc/v1/router.go:12:20: unused-parameter: parameter &#39;routes&#39; seems to be unused, consider removing or renaming it as _" type="warning"><![CDATA[warning: unused-parameter: parameter 'routes' seems to be unused, consider removing or renaming it as _
Category: revive
File: internal/controller/kafka_rpc/v1/router.go
Line: 12
Details: func NewUserRoutes(routes map[string]server.CallHandler, u *usecase.UseCase, l logger.Log) {]]></failure>
    </testcase>
    <testcase name="revive" classname="internal/controller/kafka_rpc/v1/router.go:15:2">
      <failure message="internal/controller/kafka_rpc/v1/router.go:15:2: empty-block: this block is empty, you can remove it" type="warning"><![CDATA[warning: empty-block: this block is empty, you can remove it
Category: revive
File: internal/controller/kafka_rpc/v1/router.go
Line: 15
Details: 	{
		// routes["v1.getUser"] = r.getUser()
	}]]></failure>
    </testcase>
  </testsuite>
  <testsuite name="internal/controller/nats_rpc/v1/controller.go" tests="1" errors="0" failures="1">
    <testcase name="gci" classname="internal/controller/nats_rpc/v1/controller.go:4:1">
      <failure message="internal/controller/nats_rpc/v1/controller.go:4:1: File is not properly formatted" type=""><![CDATA[: File is not properly formatted
Category: gci
File: internal/controller/nats_rpc/v1/controller.go
Line: 4
Details: 	"github.com/go-playground/validator/v10"]]></failure>
    </testcase>
  </testsuite>
  <testsuite name="internal/controller/nats_rpc/v1/router.go" tests="3" errors="0" failures="3">
    <testcase name="gci" classname="internal/controller/nats_rpc/v1/router.go:4:1">
      <failure message="internal/controller/nats_rpc/v1/router.go:4:1: File is not properly formatted" type=""><![CDATA[: File is not properly formatted
Category: gci
File: internal/controller/nats_rpc/v1/router.go
Line: 4
Details: 	"github.com/go-playground/validator/v10"]]></failure>
    </testcase>
    <testcase name="revive" classname="internal/controller/nats_rpc/v1/router.go:12:20">
      <failure message="internal/controller/nats_rpc/v1/router.go:12:20: unused-parameter: parameter &#39;routes&#39; seems to be unused, consider removing or renaming it as _" type="warning"><![CDATA[warning: unused-parameter: parameter 'routes' seems to be unused, consider removing or renaming it as _
Category: revive
File: internal/controller/nats_rpc/v1/router.go
Line: 12
Details: func NewUserRoutes(routes map[string]server.CallHandler, u *usecase.UseCase, l logger.Log) {]]></failure>
    </testcase>
    <testcase name="revive" classname="internal/controller/nats_rpc/v1/router.go:15:2">
      <failure message="internal/controller/nats_rpc/v1/router.go:15:2: empty-block: this block is empty, you can remove it" type="warning"><![CDATA[warning: empty-block: this block is empty, you can remove it
Category: revive
File: internal/controller/nats_rpc/v1/router.go
Line: 15
Details: 	{
		// routes["v1.getUser"] = r.getUser()
	}]]></failure>
    </testcase>
  </testsuite>
  <testsuite name="internal/controller/restapi/cookie/cookie.go" tests="2" errors="0" failures="2">
    <testcase name="gci" classname="internal/controller/restapi/cookie/cookie.go:6:1">
      <failure message="internal/controller/restapi/cookie/cookie.go:6:1: File is not properly formatted" type=""><![CDATA[: File is not properly formatted
Category: gci
File: internal/controller/restapi/cookie/cookie.go
Line: 6
Details: 	"github.com/gin-gonic/gin"]]></failure>
    </testcase>
    <testcase name="gofumpt" classname="internal/controller/restapi/cookie/cookie.go:4:1">
      <failure message="internal/controller/restapi/cookie/cookie.go:4:1: File is not properly formatted" type=""><![CDATA[: File is not properly formatted
Category: gofumpt
File: internal/controller/restapi/cookie/cookie.go
Line: 4
Details: 	"net/http"]]></failure>
    </testcase>
  </testsuite>
  <testsuite name="internal/controller/restapi/middleware/auth.go" tests="6" errors="0" failures="6">
    <testcase name="gci" classname="internal/controller/restapi/middleware/auth.go:9:1">
      <failure message="internal/controller/restapi/middleware/auth.go:9:1: File is not properly formatted" type=""><![CDATA[: File is not properly formatted
Category: gci
File: internal/controller/restapi/middleware/auth.go
Line: 9
Details: 	"github.com/gin-gonic/gin"]]></failure>
    </testcase>
    <testcase name="gofumpt" classname="internal/controller/restapi/middleware/auth.go:6:1">
      <failure message="internal/controller/restapi/middleware/auth.go:6:1: File is not properly formatted" type=""><![CDATA[: File is not properly formatted
Category: gofumpt
File: internal/controller/restapi/middleware/auth.go
Line: 6
Details: 	"net/http"]]></failure>
    </testcase>
    <testcase name="gosec" classname="internal/controller/restapi/middleware/auth.go:38:2">
      <failure message="internal/controller/restapi/middleware/auth.go:38:2: G101: Potential hardcoded credentials" type="high"><![CDATA[high: G101: Potential hardcoded credentials
Category: gosec
File: internal/controller/restapi/middleware/auth.go
Line: 38
Details: 	ApiKeyTypeHeader         = "X-Api-Key-Type"]]></failure>
    </testcase>
    <testcase name="revive" classname="internal/controller/restapi/middleware/auth.go:36:2">
      <failure message="internal/controller/restapi/middleware/auth.go:36:2: var-naming: var errApiKeyMissing should be errAPIKeyMissing" type="warning"><![CDATA[warning: var-naming: var errApiKeyMissing should be errAPIKeyMissing
Category: revive
File: internal/controller/restapi/middleware/auth.go
Line: 36
Details: 	errApiKeyMissing         = errors.New("API key missing")]]></failure>
    </testcase>
    <testcase name="revive" classname="internal/controller/restapi/middleware/auth.go:37:2">
      <failure message="internal/controller/restapi/middleware/auth.go:37:2: var-naming: var errInvalidApiKey should be errInvalidAPIKey" type="warning"><![CDATA[warning: var-naming: var errInvalidApiKey should be errInvalidAPIKey
Category: revive
File: internal/controller/restapi/middleware/auth.go
Line: 37
Details: 	errInvalidApiKey         = errors.New("invalid API key")]]></failure>
    </testcase>
    <testcase name="revive" classname="internal/controller/restapi/middleware/auth.go:212:26">
      <failure message="internal/controller/restapi/middleware/auth.go:212:26: var-naming: method AuthApiKey should be AuthAPIKey" type="warning"><![CDATA[warning: var-naming: method AuthApiKey should be AuthAPIKey
Category: revive
File: internal/controller/restapi/middleware/auth.go
Line: 212
Details: func (m *AuthMiddleware) AuthApiKey(ctx *gin.Context) {]]></failure>
    </testcase>
  </testsuite>
  <testsuite name="internal/controller/restapi/middleware/cors.go" tests="1" errors="0" failures="1">
    <testcase name="lll" classname="internal/controller/restapi/middleware/cors.go:25:1">
      <failure message="internal/controller/restapi/middleware/cors.go:25:1: The line is 281 characters long, which exceeds the maximum of 120 characters." type=""><![CDATA[: The line is 281 characters long, which exceeds the maximum of 120 characters.
Category: lll
File: internal/controller/restapi/middleware/cors.go
Line: 25
Details: 		ctx.Writer.Header().Set("Access-Control-Allow-Headers", "Content-Type, Content-Length, Accept-Encoding, X-CSRF-Token, Authorization, Accept, Origin, Cache-Control, X-Requested-With,Access-Control-Request-Method , Access-Control-Request-Headers,Language,language,Accept-Language")]]></failure>
    </testcase>
  </testsuite>
  <testsuite name="internal/controller/restapi/middleware/logger.go" tests="2" errors="0" failures="2">
    <testcase name="gci" classname="internal/controller/restapi/middleware/logger.go:5:1">
      <failure message="internal/controller/restapi/middleware/logger.go:5:1: File is not properly formatted" type=""><![CDATA[: File is not properly formatted
Category: gci
File: internal/controller/restapi/middleware/logger.go
Line: 5
Details: ]]></failure>
    </testcase>
    <testcase name="gofumpt" classname="internal/controller/restapi/middleware/logger.go:3:1">
      <failure message="internal/controller/restapi/middleware/logger.go:3:1: File is not properly formatted" type=""><![CDATA[: File is not properly formatted
Category: gofumpt
File: internal/controller/restapi/middleware/logger.go
Line: 3
Details: import (]]></failure>
    </testcase>
  </testsuite>
  <testsuite name="internal/controller/restapi/middleware/recovery.go" tests="3" errors="0" failures="3">
    <testcase name="gci" classname="internal/controller/restapi/middleware/recovery.go:7:1">
      <failure message="internal/controller/restapi/middleware/recovery.go:7:1: File is not properly formatted" type=""><![CDATA[: File is not properly formatted
Category: gci
File: internal/controller/restapi/middleware/recovery.go
Line: 7
Details: 	"github.com/gin-gonic/gin"]]></failure>
    </testcase>
    <testcase name="gofumpt" classname="internal/controller/restapi/middleware/recovery.go:3:1">
      <failure message="internal/controller/restapi/middleware/recovery.go:3:1: File is not properly formatted" type=""><![CDATA[: File is not properly formatted
Category: gofumpt
File: internal/controller/restapi/middleware/recovery.go
Line: 3
Details: import (]]></failure>
    </testcase>
    <testcase name="gofumpt" classname="internal/controller/restapi/middleware/recovery.go:8:1">
      <failure message="internal/controller/restapi/middleware/recovery.go:8:1: File is not properly formatted" type=""><![CDATA[: File is not properly formatted
Category: gofumpt
File: internal/controller/restapi/middleware/recovery.go
Line: 8
Details: ]]></failure>
    </testcase>
  </testsuite>
  <testsuite name="internal/controller/restapi/response/error.go" tests="5" errors="0" failures="5">
    <testcase name="gci" classname="internal/controller/restapi/response/error.go:8:1">
      <failure message="internal/controller/restapi/response/error.go:8:1: File is not properly formatted" type=""><![CDATA[: File is not properly formatted
Category: gci
File: internal/controller/restapi/response/error.go
Line: 8
Details: ]]></failure>
    </testcase>
    <testcase name="gocritic" classname="internal/controller/restapi/response/error.go:148:3">
      <failure message="internal/controller/restapi/response/error.go:148:3: ifElseChain: rewrite if-else to switch statement" type=""><![CDATA[: ifElseChain: rewrite if-else to switch statement
Category: gocritic
File: internal/controller/restapi/response/error.go
Line: 148
Details: 		if statusCode >= 500 {]]></failure>
    </testcase>
    <testcase name="lll" classname="internal/controller/restapi/response/error.go:54:1">
      <failure message="internal/controller/restapi/response/error.go:54:1: The line is 122 characters long, which exceeds the maximum of 120 characters." type=""><![CDATA[: The line is 122 characters long, which exceeds the maximum of 120 characters.
Category: lll
File: internal/controller/restapi/response/error.go
Line: 54
Details: 	400: "The server cannot process the request due to a client error (e.g., malformed request syntax, invalid parameters).",]]></failure>
    </testcase>
    <testcase name="revive" classname="internal/controller/restapi/response/error.go:38:2">
      <failure message="internal/controller/restapi/response/error.go:38:2: var-naming: struct field RequestId should be RequestID" type="warning"><![CDATA[warning: var-naming: struct field RequestId should be RequestID
Category: revive
File: internal/controller/restapi/response/error.go
Line: 38
Details: 	RequestId        string      `example:"a1b2c3d4-e5f6-7890-g1h2-i3j4k5l6m7n8"                     json:"requestId"`]]></failure>
    </testcase>
    <testcase name="revive" classname="internal/controller/restapi/response/error.go:39:2">
      <failure message="internal/controller/restapi/response/error.go:39:2: var-naming: struct field DocumentationUrl should be DocumentationURL" type="warning"><![CDATA[warning: var-naming: struct field DocumentationUrl should be DocumentationURL
Category: revive
File: internal/controller/restapi/response/error.go
Line: 39
Details: 	DocumentationUrl string      `example:"https://developer.mozilla.org/en-US/docs/Web/HTTP/Status" json:"documentation_url"`]]></failure>
    </testcase>
  </testsuite>
  <testsuite name="internal/controller/restapi/router.go" tests="7" errors="0" failures="7">
    <testcase name="gci" classname="internal/controller/restapi/router.go:9:1">
      <failure message="internal/controller/restapi/router.go:9:1: File is not properly formatted" type=""><![CDATA[: File is not properly formatted
Category: gci
File: internal/controller/restapi/router.go
Line: 9
Details: 	"github.com/gin-gonic/gin"]]></failure>
    </testcase>
    <testcase name="gofumpt" classname="internal/controller/restapi/router.go:5:1">
      <failure message="internal/controller/restapi/router.go:5:1: File is not properly formatted" type=""><![CDATA[: File is not properly formatted
Category: gofumpt
File: internal/controller/restapi/router.go
Line: 5
Details: 	"bytes"]]></failure>
    </testcase>
    <testcase name="gofumpt" classname="internal/controller/restapi/router.go:14:1">
      <failure message="internal/controller/restapi/router.go:14:1: File is not properly formatted" type=""><![CDATA[: File is not properly formatted
Category: gofumpt
File: internal/controller/restapi/router.go
Line: 14
Details: 	"gct/config"]]></failure>
    </testcase>
    <testcase name="gofumpt" classname="internal/controller/restapi/router.go:16:1">
      <failure message="internal/controller/restapi/router.go:16:1: File is not properly formatted" type=""><![CDATA[: File is not properly formatted
Category: gofumpt
File: internal/controller/restapi/router.go
Line: 16
Details: 	"gct/internal/controller/restapi/middleware"]]></failure>
    </testcase>
    <testcase name="lll" classname="internal/controller/restapi/router.go:102:1">
      <failure message="internal/controller/restapi/router.go:102:1: The line is 145 characters long, which exceeds the maximum of 120 characters." type=""><![CDATA[: The line is 145 characters long, which exceeds the maximum of 120 characters.
Category: lll
File: internal/controller/restapi/router.go
Line: 102
Details: 		body { font-family: 'Segoe UI', Tahoma, Geneva, Verdana, sans-serif; padding: 40px; line-height: 1.6; background-color: #f8f9fa; color: #333; }]]></failure>
    </testcase>
    <testcase name="lll" classname="internal/controller/restapi/router.go:103:1">
      <failure message="internal/controller/restapi/router.go:103:1: The line is 144 characters long, which exceeds the maximum of 120 characters." type=""><![CDATA[: The line is 144 characters long, which exceeds the maximum of 120 characters.
Category: lll
File: internal/controller/restapi/router.go
Line: 103
Details: 		.container { max-width: 800px; margin: 0 auto; background: white; padding: 40px; border-radius: 12px; box-shadow: 0 4px 6px rgba(0,0,0,0.1); }]]></failure>
    </testcase>
    <testcase name="lll" classname="internal/controller/restapi/router.go:107:1">
      <failure message="internal/controller/restapi/router.go:107:1: The line is 176 characters long, which exceeds the maximum of 120 characters." type=""><![CDATA[: The line is 176 characters long, which exceeds the maximum of 120 characters.
Category: lll
File: internal/controller/restapi/router.go
Line: 107
Details: 		.link-item { display: block; padding: 15px; border: 1px solid #e1e4e8; border-radius: 8px; text-decoration: none; color: #24292e; transition: all 0.2s; margin-bottom: 15px; }]]></failure>
    </testcase>
  </testsuite>
  <testsuite name="internal/controller/restapi/util/context.go" tests="5" errors="0" failures="5">
    <testcase name="gci" classname="internal/controller/restapi/util/context.go:5:1">
      <failure message="internal/controller/restapi/util/context.go:5:1: File is not properly formatted" type=""><![CDATA[: File is not properly formatted
Category: gci
File: internal/controller/restapi/util/context.go
Line: 5
Details: ]]></failure>
    </testcase>
    <testcase name="gofumpt" classname="internal/controller/restapi/util/context.go:3:1">
      <failure message="internal/controller/restapi/util/context.go:3:1: File is not properly formatted" type=""><![CDATA[: File is not properly formatted
Category: gofumpt
File: internal/controller/restapi/util/context.go
Line: 3
Details: import (]]></failure>
    </testcase>
    <testcase name="wrapcheck" classname="internal/controller/restapi/util/context.go:27:10">
      <failure message="internal/controller/restapi/util/context.go:27:10: error returned from external package is unwrapped: sig: func github.com/google/uuid.Parse(s string) (github.com/google/uuid.UUID, error)" type=""><![CDATA[: error returned from external package is unwrapped: sig: func github.com/google/uuid.Parse(s string) (github.com/google/uuid.UUID, error)
Category: wrapcheck
File: internal/controller/restapi/util/context.go
Line: 27
Details: 		return uuid.Parse(userID)]]></failure>
    </testcase>
    <testcase name="wrapcheck" classname="internal/controller/restapi/util/context.go:44:10">
      <failure message="internal/controller/restapi/util/context.go:44:10: error returned from external package is unwrapped: sig: func strconv.ParseInt(s string, base int, bitSize int) (i int64, err error)" type=""><![CDATA[: error returned from external package is unwrapped: sig: func strconv.ParseInt(s string, base int, bitSize int) (i int64, err error)
Category: wrapcheck
File: internal/controller/restapi/util/context.go
Line: 44
Details: 		return strconv.ParseInt(s, 10, 64)]]></failure>
    </testcase>
    <testcase name="wrapcheck" classname="internal/controller/restapi/util/context.go:73:10">
      <failure message="internal/controller/restapi/util/context.go:73:10: error returned from external package is unwrapped: sig: func github.com/google/uuid.Parse(s string) (github.com/google/uuid.UUID, error)" type=""><![CDATA[: error returned from external package is unwrapped: sig: func github.com/google/uuid.Parse(s string) (github.com/google/uuid.UUID, error)
Category: wrapcheck
File: internal/controller/restapi/util/context.go
Line: 73
Details: 		return uuid.Parse(roleIDStr)]]></failure>
    </testcase>
  </testsuite>
  <testsuite name="internal/controller/restapi/util/error.go" tests="4" errors="0" failures="4">
    <testcase name="gofumpt" classname="internal/controller/restapi/util/error.go:5:1">
      <failure message="internal/controller/restapi/util/error.go:5:1: File is not properly formatted" type=""><![CDATA[: File is not properly formatted
Category: gofumpt
File: internal/controller/restapi/util/error.go
Line: 5
Details: ]]></failure>
    </testcase>
    <testcase name="gosec" classname="internal/controller/restapi/util/error.go:41:2">
      <failure message="internal/controller/restapi/util/error.go:41:2: G101: Potential hardcoded credentials" type="high"><![CDATA[high: G101: Potential hardcoded credentials
Category: gosec
File: internal/controller/restapi/util/error.go
Line: 41
Details: 	ApiKeyTypeHeader = "X-Api-Key-Type"]]></failure>
    </testcase>
    <testcase name="revive" classname="internal/controller/restapi/util/error.go:21:2">
      <failure message="internal/controller/restapi/util/error.go:21:2: var-naming: var ErrUserIdNotFound should be ErrUserIDNotFound" type="warning"><![CDATA[warning: var-naming: var ErrUserIdNotFound should be ErrUserIDNotFound
Category: revive
File: internal/controller/restapi/util/error.go
Line: 21
Details: 	ErrUserIdNotFound     = errors.New("user id not found in context")]]></failure>
    </testcase>
    <testcase name="revive" classname="internal/controller/restapi/util/error.go:29:2">
      <failure message="internal/controller/restapi/util/error.go:29:2: var-naming: var ErrApiKeyTypeNotFound should be ErrAPIKeyTypeNotFound" type="warning"><![CDATA[warning: var-naming: var ErrApiKeyTypeNotFound should be ErrAPIKeyTypeNotFound
Category: revive
File: internal/controller/restapi/util/error.go
Line: 29
Details: 	ErrApiKeyTypeNotFound = errors.New("API key type not found")]]></failure>
    </testcase>
  </testsuite>
  <testsuite name="internal/controller/restapi/util/file.go" tests="4" errors="0" failures="4">
    <testcase name="nonamedreturns" classname="internal/controller/restapi/util/file.go:12:1">
      <failure message="internal/controller/restapi/util/file.go:12:1: named return &#34;err&#34; with type &#34;error&#34; found" type=""><![CDATA[: named return "err" with type "error" found
Category: nonamedreturns
File: internal/controller/restapi/util/file.go
Line: 12
Details: func FileTransfer(ctx *gin.Context, filePath, contentType string) (err error) {]]></failure>
    </testcase>
    <testcase name="wrapcheck" classname="internal/controller/restapi/util/file.go:15:10">
      <failure message="internal/controller/restapi/util/file.go:15:10: error returned from external package is unwrapped: sig: func os.ReadFile(name string) ([]byte, error)" type=""><![CDATA[: error returned from external package is unwrapped: sig: func os.ReadFile(name string) ([]byte, error)
Category: wrapcheck
File: internal/controller/restapi/util/file.go
Line: 15
Details: 		return err]]></failure>
    </testcase>
    <testcase name="wrapcheck" classname="internal/controller/restapi/util/file.go:28:10">
      <failure message="internal/controller/restapi/util/file.go:28:10: error returned from external package is unwrapped: sig: func os.ReadFile(name string) ([]byte, error)" type=""><![CDATA[: error returned from external package is unwrapped: sig: func os.ReadFile(name string) ([]byte, error)
Category: wrapcheck
File: internal/controller/restapi/util/file.go
Line: 28
Details: 		return err]]></failure>
    </testcase>
    <testcase name="wrapcheck" classname="internal/controller/restapi/util/file.go:33:10">
      <failure message="internal/controller/restapi/util/file.go:33:10: error returned from interface method should be wrapped: sig: func (net/http.ResponseWriter).Write([]byte) (int, error)" type=""><![CDATA[: error returned from interface method should be wrapped: sig: func (net/http.ResponseWriter).Write([]byte) (int, error)
Category: wrapcheck
File: internal/controller/restapi/util/file.go
Line: 33
Details: 		return err]]></failure>
    </testcase>
  </testsuite>
  <testsuite name="internal/controller/restapi/util/query.go" tests="9" errors="0" failures="9">
    <testcase name="gci" classname="internal/controller/restapi/util/query.go:9:1">
      <failure message="internal/controller/restapi/util/query.go:9:1: File is not properly formatted" type=""><![CDATA[: File is not properly formatted
Category: gci
File: internal/controller/restapi/util/query.go
Line: 9
Details: 	"github.com/gin-gonic/gin"]]></failure>
    </testcase>
    <testcase name="gofumpt" classname="internal/controller/restapi/util/query.go:4:1">
      <failure message="internal/controller/restapi/util/query.go:4:1: File is not properly formatted" type=""><![CDATA[: File is not properly formatted
Category: gofumpt
File: internal/controller/restapi/util/query.go
Line: 4
Details: 	"fmt"]]></failure>
    </testcase>
    <testcase name="gofumpt" classname="internal/controller/restapi/util/query.go:11:1">
      <failure message="internal/controller/restapi/util/query.go:11:1: File is not properly formatted" type=""><![CDATA[: File is not properly formatted
Category: gofumpt
File: internal/controller/restapi/util/query.go
Line: 11
Details: ]]></failure>
    </testcase>
    <testcase name="lll" classname="internal/controller/restapi/util/query.go:178:1">
      <failure message="internal/controller/restapi/util/query.go:178:1: The line is 121 characters long, which exceeds the maximum of 120 characters." type=""><![CDATA[: The line is 121 characters long, which exceeds the maximum of 120 characters.
Category: lll
File: internal/controller/restapi/util/query.go
Line: 178
Details: func GetSearchParamsQuery(ctx *gin.Context, queryName string, extraFields map[string]string) (map[string]string, error) {]]></failure>
    </testcase>
    <testcase name="lll" classname="internal/controller/restapi/util/query.go:207:1">
      <failure message="internal/controller/restapi/util/query.go:207:1: The line is 125 characters long, which exceeds the maximum of 120 characters." type=""><![CDATA[: The line is 125 characters long, which exceeds the maximum of 120 characters.
Category: lll
File: internal/controller/restapi/util/query.go
Line: 207
Details: 		if len(parts) != 2 || (strings.ToLower(parts[1]) != OrderAsc && strings.ToLower(parts[1]) != OrderDesc) || parts[0] == "" {]]></failure>
    </testcase>
    <testcase name="wrapcheck" classname="internal/controller/restapi/util/query.go:108:9">
      <failure message="internal/controller/restapi/util/query.go:108:9: error returned from external package is unwrapped: sig: func strconv.ParseBool(str string) (bool, error)" type=""><![CDATA[: error returned from external package is unwrapped: sig: func strconv.ParseBool(str string) (bool, error)
Category: wrapcheck
File: internal/controller/restapi/util/query.go
Line: 108
Details: 	return strconv.ParseBool(param)]]></failure>
    </testcase>
    <testcase name="wrapcheck" classname="internal/controller/restapi/util/query.go:114:10">
      <failure message="internal/controller/restapi/util/query.go:114:10: error returned from external package is unwrapped: sig: func strconv.ParseBool(str string) (bool, error)" type=""><![CDATA[: error returned from external package is unwrapped: sig: func strconv.ParseBool(str string) (bool, error)
Category: wrapcheck
File: internal/controller/restapi/util/query.go
Line: 114
Details: 		return strconv.ParseBool(param)]]></failure>
    </testcase>
    <testcase name="wrapcheck" classname="internal/controller/restapi/util/query.go:161:15">
      <failure message="internal/controller/restapi/util/query.go:161:15: error returned from external package is unwrapped: sig: func time.Parse(layout string, value string) (time.Time, error)" type=""><![CDATA[: error returned from external package is unwrapped: sig: func time.Parse(layout string, value string) (time.Time, error)
Category: wrapcheck
File: internal/controller/restapi/util/query.go
Line: 161
Details: 			return "", err]]></failure>
    </testcase>
    <testcase name="wrapcheck" classname="internal/controller/restapi/util/query.go:171:10">
      <failure message="internal/controller/restapi/util/query.go:171:10: error returned from external package is unwrapped: sig: func time.Parse(layout string, value string) (time.Time, error)" type=""><![CDATA[: error returned from external package is unwrapped: sig: func time.Parse(layout string, value string) (time.Time, error)
Category: wrapcheck
File: internal/controller/restapi/util/query.go
Line: 171
Details: 		return time.Parse(ParseDate, queryData)]]></failure>
    </testcase>
  </testsuite>
  <testsuite name="internal/controller/restapi/util/request.go" tests="1" errors="0" failures="1">
    <testcase name="revive" classname="internal/controller/restapi/util/request.go:48:6">
      <failure message="internal/controller/restapi/util/request.go:48:6: var-naming: func GetApiKeyType should be GetAPIKeyType" type="warning"><![CDATA[warning: var-naming: func GetApiKeyType should be GetAPIKeyType
Category: revive
File: internal/controller/restapi/util/request.go
Line: 48
Details: func GetApiKeyType(ctx *gin.Context) (string, error) {]]></failure>
    </testcase>
  </testsuite>
  <testsuite name="internal/controller/restapi/v1/minio/download_file.go" tests="3" errors="0" failures="3">
    <testcase name="gci" classname="internal/controller/restapi/v1/minio/download_file.go:7:1">
      <failure message="internal/controller/restapi/v1/minio/download_file.go:7:1: File is not properly formatted" type=""><![CDATA[: File is not properly formatted
Category: gci
File: internal/controller/restapi/v1/minio/download_file.go
Line: 7
Details: 	"github.com/gin-gonic/gin"]]></failure>
    </testcase>
    <testcase name="gofumpt" classname="internal/controller/restapi/v1/minio/download_file.go:3:1">
      <failure message="internal/controller/restapi/v1/minio/download_file.go:3:1: File is not properly formatted" type=""><![CDATA[: File is not properly formatted
Category: gofumpt
File: internal/controller/restapi/v1/minio/download_file.go
Line: 3
Details: import (]]></failure>
    </testcase>
    <testcase name="gofumpt" classname="internal/controller/restapi/v1/minio/download_file.go:8:1">
      <failure message="internal/controller/restapi/v1/minio/download_file.go:8:1: File is not properly formatted" type=""><![CDATA[: File is not properly formatted
Category: gofumpt
File: internal/controller/restapi/v1/minio/download_file.go
Line: 8
Details: ]]></failure>
    </testcase>
  </testsuite>
  <testsuite name="internal/controller/restapi/v1/minio/route.go" tests="1" errors="0" failures="1">
    <testcase name="revive" classname="internal/controller/restapi/v1/minio/route.go:7:6">
      <failure message="internal/controller/restapi/v1/minio/route.go:7:6: exported: func name will be used as minio.MinioRoute by other packages, and that stutters; consider calling this Route" type="warning"><![CDATA[warning: exported: func name will be used as minio.MinioRoute by other packages, and that stutters; consider calling this Route
Category: revive
File: internal/controller/restapi/v1/minio/route.go
Line: 7
Details: func MinioRoute(h *gin.RouterGroup, minio *Controller, authMiddleware gin.HandlerFunc) {]]></failure>
    </testcase>
  </testsuite>
  <testsuite name="internal/controller/restapi/v1/minio/transfer_file.go" tests="3" errors="0" failures="3">
    <testcase name="gci" classname="internal/controller/restapi/v1/minio/transfer_file.go:6:1">
      <failure message="internal/controller/restapi/v1/minio/transfer_file.go:6:1: File is not properly formatted" type=""><![CDATA[: File is not properly formatted
Category: gci
File: internal/controller/restapi/v1/minio/transfer_file.go
Line: 6
Details: 	"github.com/gin-gonic/gin"]]></failure>
    </testcase>
    <testcase name="gofumpt" classname="internal/controller/restapi/v1/minio/transfer_file.go:3:1">
      <failure message="internal/controller/restapi/v1/minio/transfer_file.go:3:1: File is not properly formatted" type=""><![CDATA[: File is not properly formatted
Category: gofumpt
File: internal/controller/restapi/v1/minio/transfer_file.go
Line: 3
Details: import (]]></failure>
    </testcase>
    <testcase name="gofumpt" classname="internal/controller/restapi/v1/minio/transfer_file.go:7:1">
      <failure message="internal/controller/restapi/v1/minio/transfer_file.go:7:1: File is not properly formatted" type=""><![CDATA[: File is not properly formatted
Category: gofumpt
File: internal/controller/restapi/v1/minio/transfer_file.go
Line: 7
Details: ]]></failure>
    </testcase>
  </testsuite>
  <testsuite name="internal/controller/restapi/v1/minio/upload_document.go" tests="3" errors="0" failures="3">
    <testcase name="gci" classname="internal/controller/restapi/v1/minio/upload_document.go:6:1">
      <failure message="internal/controller/restapi/v1/minio/upload_document.go:6:1: File is not properly formatted" type=""><![CDATA[: File is not properly formatted
Category: gci
File: internal/controller/restapi/v1/minio/upload_document.go
Line: 6
Details: 	"github.com/gin-gonic/gin"]]></failure>
    </testcase>
    <testcase name="gofumpt" classname="internal/controller/restapi/v1/minio/upload_document.go:3:1">
      <failure message="internal/controller/restapi/v1/minio/upload_document.go:3:1: File is not properly formatted" type=""><![CDATA[: File is not properly formatted
Category: gofumpt
File: internal/controller/restapi/v1/minio/upload_document.go
Line: 3
Details: import (]]></failure>
    </testcase>
    <testcase name="gofumpt" classname="internal/controller/restapi/v1/minio/upload_document.go:7:1">
      <failure message="internal/controller/restapi/v1/minio/upload_document.go:7:1: File is not properly formatted" type=""><![CDATA[: File is not properly formatted
Category: gofumpt
File: internal/controller/restapi/v1/minio/upload_document.go
Line: 7
Details: ]]></failure>
    </testcase>
  </testsuite>
  <testsuite name="internal/controller/restapi/v1/minio/upload_image.go" tests="4" errors="0" failures="4">
    <testcase name="gci" classname="internal/controller/restapi/v1/minio/upload_image.go:6:1">
      <failure message="internal/controller/restapi/v1/minio/upload_image.go:6:1: File is not properly formatted" type=""><![CDATA[: File is not properly formatted
Category: gci
File: internal/controller/restapi/v1/minio/upload_image.go
Line: 6
Details: 	"github.com/gin-gonic/gin"]]></failure>
    </testcase>
    <testcase name="gofumpt" classname="internal/controller/restapi/v1/minio/upload_image.go:3:1">
      <failure message="internal/controller/restapi/v1/minio/upload_image.go:3:1: File is not properly formatted" type=""><![CDATA[: File is not properly formatted
Category: gofumpt
File: internal/controller/restapi/v1/minio/upload_image.go
Line: 3
Details: import (]]></failure>
    </testcase>
    <testcase name="gofumpt" classname="internal/controller/restapi/v1/minio/upload_image.go:7:1">
      <failure message="internal/controller/restapi/v1/minio/upload_image.go:7:1: File is not properly formatted" type=""><![CDATA[: File is not properly formatted
Category: gofumpt
File: internal/controller/restapi/v1/minio/upload_image.go
Line: 7
Details: ]]></failure>
    </testcase>
    <testcase name="prealloc" classname="internal/controller/restapi/v1/minio/upload_image.go:45:2">
      <failure message="internal/controller/restapi/v1/minio/upload_image.go:45:2: Consider pre-allocating `uploadedFiles`" type=""><![CDATA[: Consider pre-allocating `uploadedFiles`
Category: prealloc
File: internal/controller/restapi/v1/minio/upload_image.go
Line: 45
Details: 	var uploadedFiles []string]]></failure>
    </testcase>
  </testsuite>
  <testsuite name="internal/controller/restapi/v1/minio/upload_video.go" tests="3" errors="0" failures="3">
    <testcase name="gci" classname="internal/controller/restapi/v1/minio/upload_video.go:6:1">
      <failure message="internal/controller/restapi/v1/minio/upload_video.go:6:1: File is not properly formatted" type=""><![CDATA[: File is not properly formatted
Category: gci
File: internal/controller/restapi/v1/minio/upload_video.go
Line: 6
Details: 	"github.com/gin-gonic/gin"]]></failure>
    </testcase>
    <testcase name="gofumpt" classname="internal/controller/restapi/v1/minio/upload_video.go:3:1">
      <failure message="internal/controller/restapi/v1/minio/upload_video.go:3:1: File is not properly formatted" type=""><![CDATA[: File is not properly formatted
Category: gofumpt
File: internal/controller/restapi/v1/minio/upload_video.go
Line: 3
Details: import (]]></failure>
    </testcase>
    <testcase name="gofumpt" classname="internal/controller/restapi/v1/minio/upload_video.go:7:1">
      <failure message="internal/controller/restapi/v1/minio/upload_video.go:7:1: File is not properly formatted" type=""><![CDATA[: File is not properly formatted
Category: gofumpt
File: internal/controller/restapi/v1/minio/upload_video.go
Line: 7
Details: ]]></failure>
    </testcase>
  </testsuite>
  <testsuite name="internal/controller/restapi/v1/system/error_controller.go" tests="4" errors="0" failures="4">
    <testcase name="gci" classname="internal/controller/restapi/v1/system/error_controller.go:6:1">
      <failure message="internal/controller/restapi/v1/system/error_controller.go:6:1: File is not properly formatted" type=""><![CDATA[: File is not properly formatted
Category: gci
File: internal/controller/restapi/v1/system/error_controller.go
Line: 6
Details: 	"github.com/gin-gonic/gin"]]></failure>
    </testcase>
    <testcase name="gofumpt" classname="internal/controller/restapi/v1/system/error_controller.go:3:1">
      <failure message="internal/controller/restapi/v1/system/error_controller.go:3:1: File is not properly formatted" type=""><![CDATA[: File is not properly formatted
Category: gofumpt
File: internal/controller/restapi/v1/system/error_controller.go
Line: 3
Details: import (]]></failure>
    </testcase>
    <testcase name="gofumpt" classname="internal/controller/restapi/v1/system/error_controller.go:8:1">
      <failure message="internal/controller/restapi/v1/system/error_controller.go:8:1: File is not properly formatted" type=""><![CDATA[: File is not properly formatted
Category: gofumpt
File: internal/controller/restapi/v1/system/error_controller.go
Line: 8
Details: 	"gct/internal/controller/restapi/response"]]></failure>
    </testcase>
    <testcase name="revive" classname="internal/controller/restapi/v1/system/error_controller.go:39:53">
      <failure message="internal/controller/restapi/v1/system/error_controller.go:39:53: empty-block: this block is empty, you can remove it" type="warning"><![CDATA[warning: empty-block: this block is empty, you can remove it
Category: revive
File: internal/controller/restapi/v1/system/error_controller.go
Line: 39
Details: 	if err := ctx.ShouldBindQuery(&filter); err != nil {
		// Even if binding fails, we can proceed with empty filters or return bad request
		// For query params, usually ignored if invalid, but let's be safe
	}]]></failure>
    </testcase>
  </testsuite>
  <testsuite name="internal/controller/restapi/v1/user/client/constructor.go" tests="3" errors="0" failures="3">
    <testcase name="gci" classname="internal/controller/restapi/v1/user/client/constructor.go:6:1">
      <failure message="internal/controller/restapi/v1/user/client/constructor.go:6:1: File is not properly formatted" type=""><![CDATA[: File is not properly formatted
Category: gci
File: internal/controller/restapi/v1/user/client/constructor.go
Line: 6
Details: 	"github.com/gin-gonic/gin"]]></failure>
    </testcase>
    <testcase name="gofumpt" classname="internal/controller/restapi/v1/user/client/constructor.go:5:1">
      <failure message="internal/controller/restapi/v1/user/client/constructor.go:5:1: File is not properly formatted" type=""><![CDATA[: File is not properly formatted
Category: gofumpt
File: internal/controller/restapi/v1/user/client/constructor.go
Line: 5
Details: ]]></failure>
    </testcase>
    <testcase name="ireturn" classname="internal/controller/restapi/v1/user/client/constructor.go:32:1">
      <failure message="internal/controller/restapi/v1/user/client/constructor.go:32:1: New returns interface (gct/internal/controller/restapi/v1/user/client.ControllerI)" type=""><![CDATA[: New returns interface (gct/internal/controller/restapi/v1/user/client.ControllerI)
Category: ireturn
File: internal/controller/restapi/v1/user/client/constructor.go
Line: 32
Details: func New(u *usecase.UseCase, cfg *config.Config, l logger.Log) ControllerI {]]></failure>
    </testcase>
  </testsuite>
  <testsuite name="internal/controller/restapi/v1/user/client/create.go" tests="2" errors="0" failures="2">
    <testcase name="gci" classname="internal/controller/restapi/v1/user/client/create.go:6:1">
      <failure message="internal/controller/restapi/v1/user/client/create.go:6:1: File is not properly formatted" type=""><![CDATA[: File is not properly formatted
Category: gci
File: internal/controller/restapi/v1/user/client/create.go
Line: 6
Details: 	"github.com/gin-gonic/gin"]]></failure>
    </testcase>
    <testcase name="gofumpt" classname="internal/controller/restapi/v1/user/client/create.go:4:1">
      <failure message="internal/controller/restapi/v1/user/client/create.go:4:1: File is not properly formatted" type=""><![CDATA[: File is not properly formatted
Category: gofumpt
File: internal/controller/restapi/v1/user/client/create.go
Line: 4
Details: 	"net/http"]]></failure>
    </testcase>
  </testsuite>
  <testsuite name="internal/controller/restapi/v1/user/client/delete.go" tests="2" errors="0" failures="2">
    <testcase name="gci" classname="internal/controller/restapi/v1/user/client/delete.go:6:1">
      <failure message="internal/controller/restapi/v1/user/client/delete.go:6:1: File is not properly formatted" type=""><![CDATA[: File is not properly formatted
Category: gci
File: internal/controller/restapi/v1/user/client/delete.go
Line: 6
Details: 	"github.com/gin-gonic/gin"]]></failure>
    </testcase>
    <testcase name="gofumpt" classname="internal/controller/restapi/v1/user/client/delete.go:4:1">
      <failure message="internal/controller/restapi/v1/user/client/delete.go:4:1: File is not properly formatted" type=""><![CDATA[: File is not properly formatted
Category: gofumpt
File: internal/controller/restapi/v1/user/client/delete.go
Line: 4
Details: 	"net/http"]]></failure>
    </testcase>
  </testsuite>
  <testsuite name="internal/controller/restapi/v1/user/client/get.go" tests="2" errors="0" failures="2">
    <testcase name="gci" classname="internal/controller/restapi/v1/user/client/get.go:6:1">
      <failure message="internal/controller/restapi/v1/user/client/get.go:6:1: File is not properly formatted" type=""><![CDATA[: File is not properly formatted
Category: gci
File: internal/controller/restapi/v1/user/client/get.go
Line: 6
Details: 	"github.com/gin-gonic/gin"]]></failure>
    </testcase>
    <testcase name="gofumpt" classname="internal/controller/restapi/v1/user/client/get.go:4:1">
      <failure message="internal/controller/restapi/v1/user/client/get.go:4:1: File is not properly formatted" type=""><![CDATA[: File is not properly formatted
Category: gofumpt
File: internal/controller/restapi/v1/user/client/get.go
Line: 4
Details: 	"net/http"]]></failure>
    </testcase>
  </testsuite>
  <testsuite name="internal/controller/restapi/v1/user/client/gets.go" tests="2" errors="0" failures="2">
    <testcase name="gci" classname="internal/controller/restapi/v1/user/client/gets.go:6:1">
      <failure message="internal/controller/restapi/v1/user/client/gets.go:6:1: File is not properly formatted" type=""><![CDATA[: File is not properly formatted
Category: gci
File: internal/controller/restapi/v1/user/client/gets.go
Line: 6
Details: 	"github.com/gin-gonic/gin"]]></failure>
    </testcase>
    <testcase name="gofumpt" classname="internal/controller/restapi/v1/user/client/gets.go:4:1">
      <failure message="internal/controller/restapi/v1/user/client/gets.go:4:1: File is not properly formatted" type=""><![CDATA[: File is not properly formatted
Category: gofumpt
File: internal/controller/restapi/v1/user/client/gets.go
Line: 4
Details: 	"net/http"]]></failure>
    </testcase>
  </testsuite>
  <testsuite name="internal/controller/restapi/v1/user/client/route.go" tests="1" errors="0" failures="1">
    <testcase name="gci" classname="internal/controller/restapi/v1/user/client/route.go:4:1">
      <failure message="internal/controller/restapi/v1/user/client/route.go:4:1: File is not properly formatted" type=""><![CDATA[: File is not properly formatted
Category: gci
File: internal/controller/restapi/v1/user/client/route.go
Line: 4
Details: 	"github.com/gin-gonic/gin"]]></failure>
    </testcase>
  </testsuite>
  <testsuite name="internal/controller/restapi/v1/user/client/sign_in.go" tests="2" errors="0" failures="2">
    <testcase name="gci" classname="internal/controller/restapi/v1/user/client/sign_in.go:6:1">
      <failure message="internal/controller/restapi/v1/user/client/sign_in.go:6:1: File is not properly formatted" type=""><![CDATA[: File is not properly formatted
Category: gci
File: internal/controller/restapi/v1/user/client/sign_in.go
Line: 6
Details: 	"github.com/gin-gonic/gin"]]></failure>
    </testcase>
    <testcase name="gofumpt" classname="internal/controller/restapi/v1/user/client/sign_in.go:4:1">
      <failure message="internal/controller/restapi/v1/user/client/sign_in.go:4:1: File is not properly formatted" type=""><![CDATA[: File is not properly formatted
Category: gofumpt
File: internal/controller/restapi/v1/user/client/sign_in.go
Line: 4
Details: 	"net/http"]]></failure>
    </testcase>
  </testsuite>
  <testsuite name="internal/controller/restapi/v1/user/client/sign_out.go" tests="2" errors="0" failures="2">
    <testcase name="gci" classname="internal/controller/restapi/v1/user/client/sign_out.go:6:1">
      <failure message="internal/controller/restapi/v1/user/client/sign_out.go:6:1: File is not properly formatted" type=""><![CDATA[: File is not properly formatted
Category: gci
File: internal/controller/restapi/v1/user/client/sign_out.go
Line: 6
Details: 	"github.com/gin-gonic/gin"]]></failure>
    </testcase>
    <testcase name="gofumpt" classname="internal/controller/restapi/v1/user/client/sign_out.go:4:1">
      <failure message="internal/controller/restapi/v1/user/client/sign_out.go:4:1: File is not properly formatted" type=""><![CDATA[: File is not properly formatted
Category: gofumpt
File: internal/controller/restapi/v1/user/client/sign_out.go
Line: 4
Details: 	"net/http"]]></failure>
    </testcase>
  </testsuite>
  <testsuite name="internal/controller/restapi/v1/user/client/sign_up.go" tests="2" errors="0" failures="2">
    <testcase name="gci" classname="internal/controller/restapi/v1/user/client/sign_up.go:6:1">
      <failure message="internal/controller/restapi/v1/user/client/sign_up.go:6:1: File is not properly formatted" type=""><![CDATA[: File is not properly formatted
Category: gci
File: internal/controller/restapi/v1/user/client/sign_up.go
Line: 6
Details: 	"github.com/gin-gonic/gin"]]></failure>
    </testcase>
    <testcase name="gofumpt" classname="internal/controller/restapi/v1/user/client/sign_up.go:4:1">
      <failure message="internal/controller/restapi/v1/user/client/sign_up.go:4:1: File is not properly formatted" type=""><![CDATA[: File is not properly formatted
Category: gofumpt
File: internal/controller/restapi/v1/user/client/sign_up.go
Line: 4
Details: 	"net/http"]]></failure>
    </testcase>
  </testsuite>
  <testsuite name="internal/controller/restapi/v1/user/client/update.go" tests="2" errors="0" failures="2">
    <testcase name="gci" classname="internal/controller/restapi/v1/user/client/update.go:6:1">
      <failure message="internal/controller/restapi/v1/user/client/update.go:6:1: File is not properly formatted" type=""><![CDATA[: File is not properly formatted
Category: gci
File: internal/controller/restapi/v1/user/client/update.go
Line: 6
Details: 	"github.com/gin-gonic/gin"]]></failure>
    </testcase>
    <testcase name="gofumpt" classname="internal/controller/restapi/v1/user/client/update.go:4:1">
      <failure message="internal/controller/restapi/v1/user/client/update.go:4:1: File is not properly formatted" type=""><![CDATA[: File is not properly formatted
Category: gofumpt
File: internal/controller/restapi/v1/user/client/update.go
Line: 4
Details: 	"net/http"]]></failure>
    </testcase>
  </testsuite>
  <testsuite name="internal/controller/restapi/v1/user/endpoint.go" tests="2" errors="0" failures="2">
    <testcase name="gci" classname="internal/controller/restapi/v1/user/endpoint.go:4:1">
      <failure message="internal/controller/restapi/v1/user/endpoint.go:4:1: File is not properly formatted" type=""><![CDATA[: File is not properly formatted
Category: gci
File: internal/controller/restapi/v1/user/endpoint.go
Line: 4
Details: 	"github.com/gin-gonic/gin"]]></failure>
    </testcase>
    <testcase name="revive" classname="internal/controller/restapi/v1/user/endpoint.go:10:6">
      <failure message="internal/controller/restapi/v1/user/endpoint.go:10:6: exported: func name will be used as user.UserRoute by other packages, and that stutters; consider calling this Route" type="warning"><![CDATA[warning: exported: func name will be used as user.UserRoute by other packages, and that stutters; consider calling this Route
Category: revive
File: internal/controller/restapi/v1/user/endpoint.go
Line: 10
Details: func UserRoute(api *gin.RouterGroup, controller *Controller, middlewares ...gin.HandlerFunc) {]]></failure>
    </testcase>
  </testsuite>
  <testsuite name="internal/controller/restapi/v1/user/session/constructor.go" tests="2" errors="0" failures="2">
    <testcase name="gci" classname="internal/controller/restapi/v1/user/session/constructor.go:4:1">
      <failure message="internal/controller/restapi/v1/user/session/constructor.go:4:1: File is not properly formatted" type=""><![CDATA[: File is not properly formatted
Category: gci
File: internal/controller/restapi/v1/user/session/constructor.go
Line: 4
Details: 	"github.com/gin-gonic/gin"]]></failure>
    </testcase>
    <testcase name="ireturn" classname="internal/controller/restapi/v1/user/session/constructor.go:25:1">
      <failure message="internal/controller/restapi/v1/user/session/constructor.go:25:1: New returns interface (gct/internal/controller/restapi/v1/user/session.ControllerI)" type=""><![CDATA[: New returns interface (gct/internal/controller/restapi/v1/user/session.ControllerI)
Category: ireturn
File: internal/controller/restapi/v1/user/session/constructor.go
Line: 25
Details: func New(s *usecase.UseCase, l logger.Log) ControllerI {]]></failure>
    </testcase>
  </testsuite>
  <testsuite name="internal/controller/restapi/v1/user/session/create.go" tests="2" errors="0" failures="2">
    <testcase name="gci" classname="internal/controller/restapi/v1/user/session/create.go:6:1">
      <failure message="internal/controller/restapi/v1/user/session/create.go:6:1: File is not properly formatted" type=""><![CDATA[: File is not properly formatted
Category: gci
File: internal/controller/restapi/v1/user/session/create.go
Line: 6
Details: 	"github.com/gin-gonic/gin"]]></failure>
    </testcase>
    <testcase name="gofumpt" classname="internal/controller/restapi/v1/user/session/create.go:4:1">
      <failure message="internal/controller/restapi/v1/user/session/create.go:4:1: File is not properly formatted" type=""><![CDATA[: File is not properly formatted
Category: gofumpt
File: internal/controller/restapi/v1/user/session/create.go
Line: 4
Details: 	"net/http"]]></failure>
    </testcase>
  </testsuite>
  <testsuite name="internal/controller/restapi/v1/user/session/delete.go" tests="2" errors="0" failures="2">
    <testcase name="gci" classname="internal/controller/restapi/v1/user/session/delete.go:6:1">
      <failure message="internal/controller/restapi/v1/user/session/delete.go:6:1: File is not properly formatted" type=""><![CDATA[: File is not properly formatted
Category: gci
File: internal/controller/restapi/v1/user/session/delete.go
Line: 6
Details: 	"github.com/gin-gonic/gin"]]></failure>
    </testcase>
    <testcase name="gofumpt" classname="internal/controller/restapi/v1/user/session/delete.go:4:1">
      <failure message="internal/controller/restapi/v1/user/session/delete.go:4:1: File is not properly formatted" type=""><![CDATA[: File is not properly formatted
Category: gofumpt
File: internal/controller/restapi/v1/user/session/delete.go
Line: 4
Details: 	"net/http"]]></failure>
    </testcase>
  </testsuite>
  <testsuite name="internal/controller/restapi/v1/user/session/get.go" tests="2" errors="0" failures="2">
    <testcase name="gci" classname="internal/controller/restapi/v1/user/session/get.go:6:1">
      <failure message="internal/controller/restapi/v1/user/session/get.go:6:1: File is not properly formatted" type=""><![CDATA[: File is not properly formatted
Category: gci
File: internal/controller/restapi/v1/user/session/get.go
Line: 6
Details: 	"github.com/gin-gonic/gin"]]></failure>
    </testcase>
    <testcase name="gofumpt" classname="internal/controller/restapi/v1/user/session/get.go:4:1">
      <failure message="internal/controller/restapi/v1/user/session/get.go:4:1: File is not properly formatted" type=""><![CDATA[: File is not properly formatted
Category: gofumpt
File: internal/controller/restapi/v1/user/session/get.go
Line: 4
Details: 	"net/http"]]></failure>
    </testcase>
  </testsuite>
  <testsuite name="internal/controller/restapi/v1/user/session/gets.go" tests="2" errors="0" failures="2">
    <testcase name="gci" classname="internal/controller/restapi/v1/user/session/gets.go:6:1">
      <failure message="internal/controller/restapi/v1/user/session/gets.go:6:1: File is not properly formatted" type=""><![CDATA[: File is not properly formatted
Category: gci
File: internal/controller/restapi/v1/user/session/gets.go
Line: 6
Details: 	"github.com/gin-gonic/gin"]]></failure>
    </testcase>
    <testcase name="gofumpt" classname="internal/controller/restapi/v1/user/session/gets.go:4:1">
      <failure message="internal/controller/restapi/v1/user/session/gets.go:4:1: File is not properly formatted" type=""><![CDATA[: File is not properly formatted
Category: gofumpt
File: internal/controller/restapi/v1/user/session/gets.go
Line: 4
Details: 	"net/http"]]></failure>
    </testcase>
  </testsuite>
  <testsuite name="internal/controller/restapi/v1/user/session/revoke_all.go" tests="2" errors="0" failures="2">
    <testcase name="gci" classname="internal/controller/restapi/v1/user/session/revoke_all.go:6:1">
      <failure message="internal/controller/restapi/v1/user/session/revoke_all.go:6:1: File is not properly formatted" type=""><![CDATA[: File is not properly formatted
Category: gci
File: internal/controller/restapi/v1/user/session/revoke_all.go
Line: 6
Details: 	"github.com/gin-gonic/gin"]]></failure>
    </testcase>
    <testcase name="gofumpt" classname="internal/controller/restapi/v1/user/session/revoke_all.go:4:1">
      <failure message="internal/controller/restapi/v1/user/session/revoke_all.go:4:1: File is not properly formatted" type=""><![CDATA[: File is not properly formatted
Category: gofumpt
File: internal/controller/restapi/v1/user/session/revoke_all.go
Line: 4
Details: 	"net/http"]]></failure>
    </testcase>
  </testsuite>
  <testsuite name="internal/controller/restapi/v1/user/session/revoke_by_device.go" tests="2" errors="0" failures="2">
    <testcase name="gci" classname="internal/controller/restapi/v1/user/session/revoke_by_device.go:6:1">
      <failure message="internal/controller/restapi/v1/user/session/revoke_by_device.go:6:1: File is not properly formatted" type=""><![CDATA[: File is not properly formatted
Category: gci
File: internal/controller/restapi/v1/user/session/revoke_by_device.go
Line: 6
Details: 	"github.com/gin-gonic/gin"]]></failure>
    </testcase>
    <testcase name="gofumpt" classname="internal/controller/restapi/v1/user/session/revoke_by_device.go:4:1">
      <failure message="internal/controller/restapi/v1/user/session/revoke_by_device.go:4:1: File is not properly formatted" type=""><![CDATA[: File is not properly formatted
Category: gofumpt
File: internal/controller/restapi/v1/user/session/revoke_by_device.go
Line: 4
Details: 	"net/http"]]></failure>
    </testcase>
  </testsuite>
  <testsuite name="internal/controller/restapi/v1/user/session/sub_route.go" tests="1" errors="0" failures="1">
    <testcase name="gci" classname="internal/controller/restapi/v1/user/session/sub_route.go:4:1">
      <failure message="internal/controller/restapi/v1/user/session/sub_route.go:4:1: File is not properly formatted" type=""><![CDATA[: File is not properly formatted
Category: gci
File: internal/controller/restapi/v1/user/session/sub_route.go
Line: 4
Details: 	"github.com/gin-gonic/gin"]]></failure>
    </testcase>
  </testsuite>
  <testsuite name="internal/controller/restapi/v1/user/session/update_activity.go" tests="2" errors="0" failures="2">
    <testcase name="gci" classname="internal/controller/restapi/v1/user/session/update_activity.go:6:1">
      <failure message="internal/controller/restapi/v1/user/session/update_activity.go:6:1: File is not properly formatted" type=""><![CDATA[: File is not properly formatted
Category: gci
File: internal/controller/restapi/v1/user/session/update_activity.go
Line: 6
Details: 	"github.com/gin-gonic/gin"]]></failure>
    </testcase>
    <testcase name="gofumpt" classname="internal/controller/restapi/v1/user/session/update_activity.go:4:1">
      <failure message="internal/controller/restapi/v1/user/session/update_activity.go:4:1: File is not properly formatted" type=""><![CDATA[: File is not properly formatted
Category: gofumpt
File: internal/controller/restapi/v1/user/session/update_activity.go
Line: 4
Details: 	"net/http"]]></failure>
    </testcase>
  </testsuite>
  <testsuite name="internal/cron/cron.go" tests="5" errors="0" failures="5">
    <testcase name="gci" classname="internal/cron/cron.go:7:1">
      <failure message="internal/cron/cron.go:7:1: File is not properly formatted" type=""><![CDATA[: File is not properly formatted
Category: gci
File: internal/cron/cron.go
Line: 7
Details: 	"github.com/jackc/pgx/v5/pgxpool"]]></failure>
    </testcase>
    <testcase name="gofumpt" classname="internal/cron/cron.go:3:1">
      <failure message="internal/cron/cron.go:3:1: File is not properly formatted" type=""><![CDATA[: File is not properly formatted
Category: gofumpt
File: internal/cron/cron.go
Line: 3
Details: import (]]></failure>
    </testcase>
    <testcase name="gofumpt" classname="internal/cron/cron.go:10:1">
      <failure message="internal/cron/cron.go:10:1: File is not properly formatted" type=""><![CDATA[: File is not properly formatted
Category: gofumpt
File: internal/cron/cron.go
Line: 10
Details: ]]></failure>
    </testcase>
    <testcase name="revive" classname="internal/cron/cron.go:16:6">
      <failure message="internal/cron/cron.go:16:6: exported: type name will be used as cron.CronJobs by other packages, and that stutters; consider calling this Jobs" type="warning"><![CDATA[warning: exported: type name will be used as cron.CronJobs by other packages, and that stutters; consider calling this Jobs
Category: revive
File: internal/cron/cron.go
Line: 16
Details: type CronJobs struct {]]></failure>
    </testcase>
    <testcase name="unused" classname="internal/cron/cron.go:20:2">
      <failure message="internal/cron/cron.go:20:2: field `mu` is unused" type=""><![CDATA[: field `mu` is unused
Category: unused
File: internal/cron/cron.go
Line: 20
Details: 	mu          sync.Mutex]]></failure>
    </testcase>
  </testsuite>
  <testsuite name="internal/cron/session/constructor.go" tests="2" errors="0" failures="2">
    <testcase name="gci" classname="internal/cron/session/constructor.go:3:1">
      <failure message="internal/cron/session/constructor.go:3:1: File is not properly formatted" type=""><![CDATA[: File is not properly formatted
Category: gci
File: internal/cron/session/constructor.go
Line: 3
Details: import (]]></failure>
    </testcase>
    <testcase name="revive" classname="internal/cron/session/constructor.go:10:6">
      <failure message="internal/cron/session/constructor.go:10:6: exported: type name will be used as session.SessionCronJobs by other packages, and that stutters; consider calling this CronJobs" type="warning"><![CDATA[warning: exported: type name will be used as session.SessionCronJobs by other packages, and that stutters; consider calling this CronJobs
Category: revive
File: internal/cron/session/constructor.go
Line: 10
Details: type SessionCronJobs struct {]]></failure>
    </testcase>
  </testsuite>
  <testsuite name="internal/cron/session/model.go" tests="1" errors="0" failures="1">
    <testcase name="revive" classname="internal/cron/session/model.go:6:6">
      <failure message="internal/cron/session/model.go:6:6: exported: type name will be used as session.SessionActivity by other packages, and that stutters; consider calling this Activity" type="warning"><![CDATA[warning: exported: type name will be used as session.SessionActivity by other packages, and that stutters; consider calling this Activity
Category: revive
File: internal/cron/session/model.go
Line: 6
Details: type SessionActivity struct {]]></failure>
    </testcase>
  </testsuite>
  <testsuite name="internal/cron/session/sync_session_activity.go" tests="8" errors="0" failures="8">
    <testcase name="wrapcheck" classname="internal/cron/session/sync_session_activity.go:40:15">
      <failure message="internal/cron/session/sync_session_activity.go:40:15: error returned from external package is unwrapped: sig: func (*github.com/redis/go-redis/v9.ScanIterator).Err() error" type=""><![CDATA[: error returned from external package is unwrapped: sig: func (*github.com/redis/go-redis/v9.ScanIterator).Err() error
Category: wrapcheck
File: internal/cron/session/sync_session_activity.go
Line: 40
Details: 		return nil, err]]></failure>
    </testcase>
    <testcase name="wrapcheck" classname="internal/cron/session/sync_session_activity.go:65:15">
      <failure message="internal/cron/session/sync_session_activity.go:65:15: error returned from external package is unwrapped: sig: func (*github.com/redis/go-redis/v9.StringCmd).Result() (string, error)" type=""><![CDATA[: error returned from external package is unwrapped: sig: func (*github.com/redis/go-redis/v9.StringCmd).Result() (string, error)
Category: wrapcheck
File: internal/cron/session/sync_session_activity.go
Line: 65
Details: 		return nil, err]]></failure>
    </testcase>
    <testcase name="wrapcheck" classname="internal/cron/session/sync_session_activity.go:70:15">
      <failure message="internal/cron/session/sync_session_activity.go:70:15: error returned from external package is unwrapped: sig: func time.Parse(layout string, value string) (time.Time, error)" type=""><![CDATA[: error returned from external package is unwrapped: sig: func time.Parse(layout string, value string) (time.Time, error)
Category: wrapcheck
File: internal/cron/session/sync_session_activity.go
Line: 70
Details: 		return nil, err]]></failure>
    </testcase>
    <testcase name="wrapcheck" classname="internal/cron/session/sync_session_activity.go:82:10">
      <failure message="internal/cron/session/sync_session_activity.go:82:10: error returned from external package is unwrapped: sig: func (*github.com/jackc/pgx/v5/pgxpool.Pool).Begin(ctx context.Context) (github.com/jackc/pgx/v5.Tx, error)" type=""><![CDATA[: error returned from external package is unwrapped: sig: func (*github.com/jackc/pgx/v5/pgxpool.Pool).Begin(ctx context.Context) (github.com/jackc/pgx/v5.Tx, error)
Category: wrapcheck
File: internal/cron/session/sync_session_activity.go
Line: 82
Details: 		return err]]></failure>
    </testcase>
    <testcase name="wrapcheck" classname="internal/cron/session/sync_session_activity.go:93:10">
[...]
Category: wrapcheck
File: pkg/firebase/fcm.go
Line: 104
Details: 				return err]]></failure>
    </testcase>
    <testcase name="wrapcheck" classname="pkg/firebase/fcm.go:110:12">
      <failure message="pkg/firebase/fcm.go:110:12: error returned from external package is unwrapped: sig: func (*firebase.google.com/go/v4/messaging.fcmClient).Send(ctx context.Context, message *firebase.google.com/go/v4/messaging.Message) (string, error)" type=""><![CDATA[: error returned from external package is unwrapped: sig: func (*firebase.google.com/go/v4/messaging.fcmClient).Send(ctx context.Context, message *firebase.google.com/go/v4/messaging.Message) (string, error)
Category: wrapcheck
File: pkg/firebase/fcm.go
Line: 110
Details: 				return err]]></failure>
    </testcase>
  </testsuite>
  <testsuite name="pkg/firebase/firebase.go" tests="9" errors="0" failures="9">
    <testcase name="gci" classname="pkg/firebase/firebase.go:9:1">
      <failure message="pkg/firebase/firebase.go:9:1: File is not properly formatted" type=""><![CDATA[: File is not properly formatted
Category: gci
File: pkg/firebase/firebase.go
Line: 9
Details: 	"google.golang.org/api/option"]]></failure>
    </testcase>
    <testcase name="gofumpt" classname="pkg/firebase/firebase.go:5:1">
      <failure message="pkg/firebase/firebase.go:5:1: File is not properly formatted" type=""><![CDATA[: File is not properly formatted
Category: gofumpt
File: pkg/firebase/firebase.go
Line: 5
Details: 	"encoding/json"]]></failure>
    </testcase>
    <testcase name="gofumpt" classname="pkg/firebase/firebase.go:10:1">
      <failure message="pkg/firebase/firebase.go:10:1: File is not properly formatted" type=""><![CDATA[: File is not properly formatted
Category: gofumpt
File: pkg/firebase/firebase.go
Line: 10
Details: ]]></failure>
    </testcase>
    <testcase name="wrapcheck" classname="pkg/firebase/firebase.go:27:15">
      <failure message="pkg/firebase/firebase.go:27:15: error returned from external package is unwrapped: sig: func encoding/json.Marshal(v any) ([]byte, error)" type=""><![CDATA[: error returned from external package is unwrapped: sig: func encoding/json.Marshal(v any) ([]byte, error)
Category: wrapcheck
File: pkg/firebase/firebase.go
Line: 27
Details: 		return nil, err]]></failure>
    </testcase>
    <testcase name="wrapcheck" classname="pkg/firebase/firebase.go:32:15">
      <failure message="pkg/firebase/firebase.go:32:15: error returned from external package is unwrapped: sig: func firebase.google.com/go/v4.NewApp(ctx context.Context, config *firebase.google.com/go/v4.Config, opts ...google.golang.org/api/option.ClientOption) (*firebase.google.com/go/v4.App, error)" type=""><![CDATA[: error returned from external package is unwrapped: sig: func firebase.google.com/go/v4.NewApp(ctx context.Context, config *firebase.google.com/go/v4.Config, opts ...google.golang.org/api/option.ClientOption) (*firebase.google.com/go/v4.App, error)
Category: wrapcheck
File: pkg/firebase/firebase.go
Line: 32
Details: 		return nil, err]]></failure>
    </testcase>
    <testcase name="wrapcheck" classname="pkg/firebase/firebase.go:38:15">
      <failure message="pkg/firebase/firebase.go:38:15: error returned from external package is unwrapped: sig: func encoding/json.Marshal(v any) ([]byte, error)" type=""><![CDATA[: error returned from external package is unwrapped: sig: func encoding/json.Marshal(v any) ([]byte, error)
Category: wrapcheck
File: pkg/firebase/firebase.go
Line: 38
Details: 		return nil, err]]></failure>
    </testcase>
    <testcase name="wrapcheck" classname="pkg/firebase/firebase.go:43:15">
      <failure message="pkg/firebase/firebase.go:43:15: error returned from external package is unwrapped: sig: func firebase.google.com/go/v4.NewApp(ctx context.Context, config *firebase.google.com/go/v4.Config, opts ...google.golang.org/api/option.ClientOption) (*firebase.google.com/go/v4.App, error)" type=""><![CDATA[: error returned from external package is unwrapped: sig: func firebase.google.com/go/v4.NewApp(ctx context.Context, config *firebase.google.com/go/v4.Config, opts ...google.golang.org/api/option.ClientOption) (*firebase.google.com/go/v4.App, error)
Category: wrapcheck
File: pkg/firebase/firebase.go
Line: 43
Details: 		return nil, err]]></failure>
    </testcase>
    <testcase name="wrapcheck" classname="pkg/firebase/firebase.go:49:15">
      <failure message="pkg/firebase/firebase.go:49:15: error returned from external package is unwrapped: sig: func (*firebase.google.com/go/v4.App).Messaging(ctx context.Context) (*firebase.google.com/go/v4/messaging.Client, error)" type=""><![CDATA[: error returned from external package is unwrapped: sig: func (*firebase.google.com/go/v4.App).Messaging(ctx context.Context) (*firebase.google.com/go/v4/messaging.Client, error)
Category: wrapcheck
File: pkg/firebase/firebase.go
Line: 49
Details: 		return nil, err]]></failure>
    </testcase>
    <testcase name="wrapcheck" classname="pkg/firebase/firebase.go:54:15">
      <failure message="pkg/firebase/firebase.go:54:15: error returned from external package is unwrapped: sig: func (*firebase.google.com/go/v4.App).Messaging(ctx context.Context) (*firebase.google.com/go/v4/messaging.Client, error)" type=""><![CDATA[: error returned from external package is unwrapped: sig: func (*firebase.google.com/go/v4.App).Messaging(ctx context.Context) (*firebase.google.com/go/v4/messaging.Client, error)
Category: wrapcheck
File: pkg/firebase/firebase.go
Line: 54
Details: 		return nil, err]]></failure>
    </testcase>
  </testsuite>
  <testsuite name="pkg/jwt/access_token.go" tests="4" errors="0" failures="4">
    <testcase name="errorlint" classname="pkg/jwt/access_token.go:56:16">
      <failure message="pkg/jwt/access_token.go:56:16: type assertion on error will fail on wrapped errors. Use errors.As to check for specific errors" type=""><![CDATA[: type assertion on error will fail on wrapped errors. Use errors.As to check for specific errors
Category: errorlint
File: pkg/jwt/access_token.go
Line: 56
Details: 		if ve, ok := err.(*jwt.ValidationError); ok {]]></failure>
    </testcase>
    <testcase name="lll" classname="pkg/jwt/access_token.go:27:1">
      <failure message="pkg/jwt/access_token.go:27:1: The line is 139 characters long, which exceeds the maximum of 120 characters." type=""><![CDATA[: The line is 139 characters long, which exceeds the maximum of 120 characters.
Category: lll
File: pkg/jwt/access_token.go
Line: 27
Details: func GenerateAccessToken(userID, sessionID, issuer, audience string, privateKey *rsa.PrivateKey, expiresIn time.Duration) (string, error) {]]></failure>
    </testcase>
    <testcase name="lll" classname="pkg/jwt/access_token.go:48:1">
      <failure message="pkg/jwt/access_token.go:48:1: The line is 122 characters long, which exceeds the maximum of 120 characters." type=""><![CDATA[: The line is 122 characters long, which exceeds the maximum of 120 characters.
Category: lll
File: pkg/jwt/access_token.go
Line: 48
Details: func ParseAccessToken(tokenString string, publicKey *rsa.PublicKey, issuer, audience string) (*AccessTokenClaims, error) {]]></failure>
    </testcase>
    <testcase name="wrapcheck" classname="pkg/jwt/access_token.go:44:9">
      <failure message="pkg/jwt/access_token.go:44:9: error returned from external package is unwrapped: sig: func (*github.com/golang-jwt/jwt/v4.Token).SignedString(key interface{}) (string, error)" type=""><![CDATA[: error returned from external package is unwrapped: sig: func (*github.com/golang-jwt/jwt/v4.Token).SignedString(key interface{}) (string, error)
Category: wrapcheck
File: pkg/jwt/access_token.go
Line: 44
Details: 	return token.SignedString(privateKey)]]></failure>
    </testcase>
  </testsuite>
  <testsuite name="pkg/jwt/device/fingerprint.go" tests="4" errors="0" failures="4">
    <testcase name="gofumpt" classname="pkg/jwt/device/fingerprint.go:6:1">
      <failure message="pkg/jwt/device/fingerprint.go:6:1: File is not properly formatted" type=""><![CDATA[: File is not properly formatted
Category: gofumpt
File: pkg/jwt/device/fingerprint.go
Line: 6
Details: 	"fmt"]]></failure>
    </testcase>
    <testcase name="gofumpt" classname="pkg/jwt/device/fingerprint.go:9:1">
      <failure message="pkg/jwt/device/fingerprint.go:9:1: File is not properly formatted" type=""><![CDATA[: File is not properly formatted
Category: gofumpt
File: pkg/jwt/device/fingerprint.go
Line: 9
Details: ]]></failure>
    </testcase>
    <testcase name="unused" classname="pkg/jwt/device/fingerprint.go:90:6">
      <failure message="pkg/jwt/device/fingerprint.go:90:6: func `extractPlatform` is unused" type=""><![CDATA[: func `extractPlatform` is unused
Category: unused
File: pkg/jwt/device/fingerprint.go
Line: 90
Details: func extractPlatform(userAgent string) string {]]></failure>
    </testcase>
    <testcase name="unused" classname="pkg/jwt/device/fingerprint.go:110:6">
      <failure message="pkg/jwt/device/fingerprint.go:110:6: func `normalizeUserAgent` is unused" type=""><![CDATA[: func `normalizeUserAgent` is unused
Category: unused
File: pkg/jwt/device/fingerprint.go
Line: 110
Details: func normalizeUserAgent(ua string) string {]]></failure>
    </testcase>
  </testsuite>
  <testsuite name="pkg/jwt/refresh_token.go" tests="2" errors="0" failures="2">
    <testcase name="err113" classname="pkg/jwt/refresh_token.go:121:15">
      <failure message="pkg/jwt/refresh_token.go:121:15: do not define dynamic errors, use wrapped static errors instead: &#34;errors.New(\&#34;invalid refresh token: hash mismatch\&#34;)&#34;" type=""><![CDATA[: do not define dynamic errors, use wrapped static errors instead: "errors.New(\"invalid refresh token: hash mismatch\")"
Category: err113
File: pkg/jwt/refresh_token.go
Line: 121
Details: 		return nil, errors.New("invalid refresh token: hash mismatch")]]></failure>
    </testcase>
    <testcase name="wrapcheck" classname="pkg/jwt/refresh_token.go:150:14">
      <failure message="pkg/jwt/refresh_token.go:150:14: error returned from external package is unwrapped: sig: func crypto/rand.Read(b []byte) (n int, err error)" type=""><![CDATA[: error returned from external package is unwrapped: sig: func crypto/rand.Read(b []byte) (n int, err error)
Category: wrapcheck
File: pkg/jwt/refresh_token.go
Line: 150
Details: 		return "", err]]></failure>
    </testcase>
  </testsuite>
  <testsuite name="pkg/jwt/token_generator.go" tests="4" errors="0" failures="4">
    <testcase name="gci" classname="pkg/jwt/token_generator.go:7:1">
      <failure message="pkg/jwt/token_generator.go:7:1: File is not properly formatted" type=""><![CDATA[: File is not properly formatted
Category: gci
File: pkg/jwt/token_generator.go
Line: 7
Details: 	jwt "github.com/dgrijalva/jwt-go"]]></failure>
    </testcase>
    <testcase name="gofumpt" classname="pkg/jwt/token_generator.go:4:1">
      <failure message="pkg/jwt/token_generator.go:4:1: File is not properly formatted" type=""><![CDATA[: File is not properly formatted
Category: gofumpt
File: pkg/jwt/token_generator.go
Line: 4
Details: 	"crypto/rsa"]]></failure>
    </testcase>
    <testcase name="gofumpt" classname="pkg/jwt/token_generator.go:8:1">
      <failure message="pkg/jwt/token_generator.go:8:1: File is not properly formatted" type=""><![CDATA[: File is not properly formatted
Category: gofumpt
File: pkg/jwt/token_generator.go
Line: 8
Details: ]]></failure>
    </testcase>
    <testcase name="wrapcheck" classname="pkg/jwt/token_generator.go:57:9">
      <failure message="pkg/jwt/token_generator.go:57:9: error returned from external package is unwrapped: sig: func (*github.com/dgrijalva/jwt-go.Token).SignedString(key interface{}) (string, error)" type=""><![CDATA[: error returned from external package is unwrapped: sig: func (*github.com/dgrijalva/jwt-go.Token).SignedString(key interface{}) (string, error)
Category: wrapcheck
File: pkg/jwt/token_generator.go
Line: 57
Details: 	return token.SignedString(p.PrivateKey)]]></failure>
    </testcase>
  </testsuite>
  <testsuite name="pkg/logger/logger.go" tests="2" errors="0" failures="2">
    <testcase name="interfacebloat" classname="pkg/logger/logger.go:18:10">
      <failure message="pkg/logger/logger.go:18:10: the interface has more than 10 methods: 22" type=""><![CDATA[: the interface has more than 10 methods: 22
Category: interfacebloat
File: pkg/logger/logger.go
Line: 18
Details: type Log interface {]]></failure>
    </testcase>
    <testcase name="ireturn" classname="pkg/logger/logger.go:52:1">
      <failure message="pkg/logger/logger.go:52:1: GetLogger returns interface (gct/pkg/logger.Log)" type=""><![CDATA[: GetLogger returns interface (gct/pkg/logger.Log)
Category: ireturn
File: pkg/logger/logger.go
Line: 52
Details: func GetLogger() Log {]]></failure>
    </testcase>
  </testsuite>
  <testsuite name="pkg/logger/logger_test.go" tests="5" errors="0" failures="5">
    <testcase name="paralleltest" classname="pkg/logger/logger_test.go:63:2">
      <failure message="pkg/logger/logger_test.go:63:2: Range statement for test TestNew missing the call to method parallel in test Run&#xA;" type=""><![CDATA[: Range statement for test TestNew missing the call to method parallel in test Run

Category: paralleltest
File: pkg/logger/logger_test.go
Line: 63
Details: 	for _, tc := range cases {]]></failure>
    </testcase>
    <testcase name="paralleltest" classname="pkg/logger/logger_test.go:174:1">
      <failure message="pkg/logger/logger_test.go:174:1: Function TestFatal_ExitsAndLogs missing the call to method parallel&#xA;" type=""><![CDATA[: Function TestFatal_ExitsAndLogs missing the call to method parallel

Category: paralleltest
File: pkg/logger/logger_test.go
Line: 174
Details: func TestFatal_ExitsAndLogs(t *testing.T) {]]></failure>
    </testcase>
    <testcase name="testpackage" classname="pkg/logger/logger_test.go:1:9">
      <failure message="pkg/logger/logger_test.go:1:9: package should be `logger_test` instead of `logger`" type=""><![CDATA[: package should be `logger_test` instead of `logger`
Category: testpackage
File: pkg/logger/logger_test.go
Line: 1
Details: package logger]]></failure>
    </testcase>
    <testcase name="tparallel" classname="pkg/logger/logger_test.go:49:6">
      <failure message="pkg/logger/logger_test.go:49:6: TestNew&#39;s subtests should call t.Parallel" type=""><![CDATA[: TestNew's subtests should call t.Parallel
Category: tparallel
File: pkg/logger/logger_test.go
Line: 49
Details: func TestNew(t *testing.T) {]]></failure>
    </testcase>
    <testcase name="unused" classname="pkg/logger/logger_test.go:15:5">
      <failure message="pkg/logger/logger_test.go:15:5: var `errTest` is unused" type=""><![CDATA[: var `errTest` is unused
Category: unused
File: pkg/logger/logger_test.go
Line: 15
Details: var errTest = errors.New("test error")]]></failure>
    </testcase>
  </testsuite>
  <testsuite name="pkg/server/grpc/server.go" tests="5" errors="0" failures="5">
    <testcase name="containedctx" classname="pkg/server/grpc/server.go:22:2">
      <failure message="pkg/server/grpc/server.go:22:2: found a struct that contains a context.Context field" type=""><![CDATA[: found a struct that contains a context.Context field
Category: containedctx
File: pkg/server/grpc/server.go
Line: 22
Details: 	ctx context.Context]]></failure>
    </testcase>
    <testcase name="gci" classname="pkg/server/grpc/server.go:8:1">
      <failure message="pkg/server/grpc/server.go:8:1: File is not properly formatted" type=""><![CDATA[: File is not properly formatted
Category: gci
File: pkg/server/grpc/server.go
Line: 8
Details: ]]></failure>
    </testcase>
    <testcase name="gofumpt" classname="pkg/server/grpc/server.go:6:1">
      <failure message="pkg/server/grpc/server.go:6:1: File is not properly formatted" type=""><![CDATA[: File is not properly formatted
Category: gofumpt
File: pkg/server/grpc/server.go
Line: 6
Details: 	"errors"]]></failure>
    </testcase>
    <testcase name="wrapcheck" classname="pkg/server/grpc/server.go:65:11">
      <failure message="pkg/server/grpc/server.go:65:11: error returned from external package is unwrapped: sig: func (*net.ListenConfig).Listen(ctx context.Context, network string, address string) (net.Listener, error)" type=""><![CDATA[: error returned from external package is unwrapped: sig: func (*net.ListenConfig).Listen(ctx context.Context, network string, address string) (net.Listener, error)
Category: wrapcheck
File: pkg/server/grpc/server.go
Line: 65
Details: 			return err]]></failure>
    </testcase>
    <testcase name="wrapcheck" classname="pkg/server/grpc/server.go:74:11">
      <failure message="pkg/server/grpc/server.go:74:11: error returned from external package is unwrapped: sig: func (*google.golang.org/grpc.Server).Serve(lis net.Listener) error" type=""><![CDATA[: error returned from external package is unwrapped: sig: func (*google.golang.org/grpc.Server).Serve(lis net.Listener) error
Category: wrapcheck
File: pkg/server/grpc/server.go
Line: 74
Details: 			return err]]></failure>
    </testcase>
  </testsuite>
  <testsuite name="pkg/server/http/server.go" tests="4" errors="0" failures="4">
    <testcase name="nonamedreturns" classname="pkg/server/http/server.go:59:1">
      <failure message="pkg/server/http/server.go:59:1: named return &#34;status&#34; with type &#34;bool&#34; found" type=""><![CDATA[: named return "status" with type "bool" found
Category: nonamedreturns
File: pkg/server/http/server.go
Line: 59
Details: func checkPortBind(port int) (status bool, err error) {]]></failure>
    </testcase>
    <testcase name="wrapcheck" classname="pkg/server/http/server.go:47:10">
      <failure message="pkg/server/http/server.go:47:10: error returned from external package is unwrapped: sig: func (*net/http.Server).ListenAndServe() error" type=""><![CDATA[: error returned from external package is unwrapped: sig: func (*net/http.Server).ListenAndServe() error
Category: wrapcheck
File: pkg/server/http/server.go
Line: 47
Details: 		return err]]></failure>
    </testcase>
    <testcase name="wrapcheck" classname="pkg/server/http/server.go:55:9">
      <failure message="pkg/server/http/server.go:55:9: error returned from external package is unwrapped: sig: func (*net/http.Server).Shutdown(ctx context.Context) error" type=""><![CDATA[: error returned from external package is unwrapped: sig: func (*net/http.Server).Shutdown(ctx context.Context) error
Category: wrapcheck
File: pkg/server/http/server.go
Line: 55
Details: 	return s.httpServer.Shutdown(ctx)]]></failure>
    </testcase>
    <testcase name="wrapcheck" classname="pkg/server/http/server.go:66:17">
      <failure message="pkg/server/http/server.go:66:17: error returned from external package is unwrapped: sig: func net.Listen(network string, address string) (net.Listener, error)" type=""><![CDATA[: error returned from external package is unwrapped: sig: func net.Listen(network string, address string) (net.Listener, error)
Category: wrapcheck
File: pkg/server/http/server.go
Line: 66
Details: 		return false, err]]></failure>
    </testcase>
  </testsuite>
  <testsuite name="pkg/useragent/main.go" tests="1" errors="0" failures="1">
    <testcase name="ineffassign" classname="pkg/useragent/main.go:27:2">
      <failure message="pkg/useragent/main.go:27:2: ineffectual assignment to deviceType" type=""><![CDATA[: ineffectual assignment to deviceType
Category: ineffassign
File: pkg/useragent/main.go
Line: 27
Details: 	deviceType := DeviceTypeUnknown]]></failure>
    </testcase>
  </testsuite>
</testsuites>